#
# A fatal error has been detected by the Java Runtime Environment:
#
#  EXCEPTION_ACCESS_VIOLATION (0xc0000005) at pc=0x0000000000027bfc, pid=11724, tid=13840
#
# JRE version: Java(TM) SE Runtime Environment (16.0.1+9) (build 16.0.1+9-24)
# Java VM: Java HotSpot(TM) 64-Bit Server VM (16.0.1+9-24, mixed mode, sharing, tiered, compressed oops, compressed class ptrs, g1 gc, windows-amd64)
# Problematic frame:
# C  0x0000000000027bfc
#
# No core dump will be written. Minidumps are not enabled by default on client versions of Windows
#
# If you would like to submit a bug report, please visit:
#   https://bugreport.java.com/bugreport/crash.jsp
# The crash happened outside the Java Virtual Machine in native code.
# See problematic frame for where to report the bug.
#

---------------  S U M M A R Y ------------

Command Line: -Djava.library.path=. Check

Host: Intel(R) Core(TM) i5-10210U CPU @ 1.60GHz, 8 cores, 7G,  Windows 10 , 64 bit Build 22000 (10.0.22000.434)
Time: Tue Mar  8 15:34:22 2022 India Standard Time elapsed time: 4.573463 seconds (0d 0h 0m 4s)

---------------  T H R E A D  ---------------

Current thread (0x000002ddafce7690):  JavaThread "main" [_thread_in_native, id=13840, stack(0x000000f2f1100000,0x000000f2f1200000)]

Stack: [0x000000f2f1100000,0x000000f2f1200000],  sp=0x000000f2f11fec98,  free space=1019k
Native frames: (J=compiled Java code, j=interpreted, Vv=VM code, C=native code)
C  0x0000000000027bfc

Java frames: (J=compiled Java code, j=interpreted, Vv=VM code)
j  Check.copyFile(Ljava/lang/String;Ljava/lang/String;)Z+0
j  Check.main([Ljava/lang/String;)V+50
v  ~StubRoutines::call_stub

siginfo: EXCEPTION_ACCESS_VIOLATION (0xc0000005), data execution prevention violation at address 0x0000000000027bfc


Register to memory mapping:

RIP=0x0000000000027bfc is an unknown value
RAX=0x0000000000000001 is an unknown value
RBX={method} {0x000002ddce4003d8} 'copyFile' '(Ljava/lang/String;Ljava/lang/String;)Z' in 'Check'
RCX=0x0000000000000010 is an unknown value
RDX=0x0000000000000001 is an unknown value
RSP=0x000000f2f11fec98 is pointing into the stack for thread: 0x000002ddafce7690
RBP=0x000000f2f11fed00 is pointing into the stack for thread: 0x000002ddafce7690
RSI=0x0000000000000008 is an unknown value
RDI=0x000000f2f11ff1b8 is pointing into the stack for thread: 0x000002ddafce7690
R8 =0x000000f2f11ff358 is pointing into the stack for thread: 0x000002ddafce7690
R9 =0x00007ff93e570000 VCRUNTIME140.dll
R10=0x000000008aeb3130 is pointing into object: [B 
{0x000000008aeb3120} - klass: {type array byte}
 - length: 1
R11=0x000002ddce930420 points into unknown readable memory: 0x0c00010d00076e31 | 31 6e 07 00 0d 01 00 0c
R12=0x0 is NULL
R13={method} {0x000002ddce4003d8} 'copyFile' '(Ljava/lang/String;Ljava/lang/String;)Z' in 'Check'
R14=0x000000f2f11ff6e8 is pointing into the stack for thread: 0x000002ddafce7690
R15=0x000002ddafce7690 is a thread


Registers:
RAX=0x0000000000000001, RBX=0x000002ddce4003d0, RCX=0x0000000000000010, RDX=0x0000000000000001
RSP=0x000000f2f11fec98, RBP=0x000000f2f11fed00, RSI=0x0000000000000008, RDI=0x000000f2f11ff1b8
R8 =0x000000f2f11ff358, R9 =0x00007ff93e570000, R10=0x000000008aeb3130, R11=0x000002ddce930420
R12=0x0000000000000000, R13=0x000002ddce4003d0, R14=0x000000f2f11ff6e8, R15=0x000002ddafce7690
RIP=0x0000000000027bfc, EFLAGS=0x0000000000010206

Top of Stack: (sp=0x000000f2f11fec98)
0x000000f2f11fec98:   00007ff798aa5943 0000000000000000
0x000000f2f11feca8:   0000000000000000 0000000000000000
0x000000f2f11fecb8:   0000000000000000 00007ff798ab904c
0x000000f2f11fecc8:   0000000000000000 0000000000000000
0x000000f2f11fecd8:   00007ff798aa40eb 0000000000000010
0x000000f2f11fece8:   0000000000000000 0000000000000000
0x000000f2f11fecf8:   0000000000000000 0000000000000000
0x000000f2f11fed08:   000002ddafce7690 000000f2f11ff0b0
0x000000f2f11fed18:   000000000000000c 000000f2f11fef98
0x000000f2f11fed28:   000000f2f11fefb0 0000000000000002
0x000000f2f11fed38:   000000f2f11fefb8 000000f2f11ff0b0
0x000000f2f11fed48:   00007ff8b110e155 000000f2f11ff0b0
0x000000f2f11fed58:   000000f2f11fee50 0000000000000000
0x000000f2f11fed68:   0000000000000001 0000000800000010
0x000000f2f11fed78:   000000f2f11fefb8 00007ff798ab904c
0x000000f2f11fed88:   000002ddafce7690 000002ddafce7690 

Instructions: (pc=0x0000000000027bfc)
0x0000000000027afc:   ?? ?? ?? ?? ?? ?? ?? ?? ?? ?? ?? ?? ?? ?? ?? ??
0x0000000000027b0c:   ?? ?? ?? ?? ?? ?? ?? ?? ?? ?? ?? ?? ?? ?? ?? ??
0x0000000000027b1c:   ?? ?? ?? ?? ?? ?? ?? ?? ?? ?? ?? ?? ?? ?? ?? ??
0x0000000000027b2c:   ?? ?? ?? ?? ?? ?? ?? ?? ?? ?? ?? ?? ?? ?? ?? ??
0x0000000000027b3c:   ?? ?? ?? ?? ?? ?? ?? ?? ?? ?? ?? ?? ?? ?? ?? ??
0x0000000000027b4c:   ?? ?? ?? ?? ?? ?? ?? ?? ?? ?? ?? ?? ?? ?? ?? ??
0x0000000000027b5c:   ?? ?? ?? ?? ?? ?? ?? ?? ?? ?? ?? ?? ?? ?? ?? ??
0x0000000000027b6c:   ?? ?? ?? ?? ?? ?? ?? ?? ?? ?? ?? ?? ?? ?? ?? ??
0x0000000000027b7c:   ?? ?? ?? ?? ?? ?? ?? ?? ?? ?? ?? ?? ?? ?? ?? ??
0x0000000000027b8c:   ?? ?? ?? ?? ?? ?? ?? ?? ?? ?? ?? ?? ?? ?? ?? ??
0x0000000000027b9c:   ?? ?? ?? ?? ?? ?? ?? ?? ?? ?? ?? ?? ?? ?? ?? ??
0x0000000000027bac:   ?? ?? ?? ?? ?? ?? ?? ?? ?? ?? ?? ?? ?? ?? ?? ??
0x0000000000027bbc:   ?? ?? ?? ?? ?? ?? ?? ?? ?? ?? ?? ?? ?? ?? ?? ??
0x0000000000027bcc:   ?? ?? ?? ?? ?? ?? ?? ?? ?? ?? ?? ?? ?? ?? ?? ??
0x0000000000027bdc:   ?? ?? ?? ?? ?? ?? ?? ?? ?? ?? ?? ?? ?? ?? ?? ??
0x0000000000027bec:   ?? ?? ?? ?? ?? ?? ?? ?? ?? ?? ?? ?? ?? ?? ?? ??
0x0000000000027bfc:   ?? ?? ?? ?? ?? ?? ?? ?? ?? ?? ?? ?? ?? ?? ?? ??
0x0000000000027c0c:   ?? ?? ?? ?? ?? ?? ?? ?? ?? ?? ?? ?? ?? ?? ?? ??
0x0000000000027c1c:   ?? ?? ?? ?? ?? ?? ?? ?? ?? ?? ?? ?? ?? ?? ?? ??
0x0000000000027c2c:   ?? ?? ?? ?? ?? ?? ?? ?? ?? ?? ?? ?? ?? ?? ?? ??
0x0000000000027c3c:   ?? ?? ?? ?? ?? ?? ?? ?? ?? ?? ?? ?? ?? ?? ?? ??
0x0000000000027c4c:   ?? ?? ?? ?? ?? ?? ?? ?? ?? ?? ?? ?? ?? ?? ?? ??
0x0000000000027c5c:   ?? ?? ?? ?? ?? ?? ?? ?? ?? ?? ?? ?? ?? ?? ?? ??
0x0000000000027c6c:   ?? ?? ?? ?? ?? ?? ?? ?? ?? ?? ?? ?? ?? ?? ?? ??
0x0000000000027c7c:   ?? ?? ?? ?? ?? ?? ?? ?? ?? ?? ?? ?? ?? ?? ?? ??
0x0000000000027c8c:   ?? ?? ?? ?? ?? ?? ?? ?? ?? ?? ?? ?? ?? ?? ?? ??
0x0000000000027c9c:   ?? ?? ?? ?? ?? ?? ?? ?? ?? ?? ?? ?? ?? ?? ?? ??
0x0000000000027cac:   ?? ?? ?? ?? ?? ?? ?? ?? ?? ?? ?? ?? ?? ?? ?? ??
0x0000000000027cbc:   ?? ?? ?? ?? ?? ?? ?? ?? ?? ?? ?? ?? ?? ?? ?? ??
0x0000000000027ccc:   ?? ?? ?? ?? ?? ?? ?? ?? ?? ?? ?? ?? ?? ?? ?? ??
0x0000000000027cdc:   ?? ?? ?? ?? ?? ?? ?? ?? ?? ?? ?? ?? ?? ?? ?? ??
0x0000000000027cec:   ?? ?? ?? ?? ?? ?? ?? ?? ?? ?? ?? ?? ?? ?? ?? ?? 


Stack slot to memory mapping:
stack at sp + 0 slots: 0x00007ff798aa5943 fileCopy.dll
stack at sp + 1 slots: 0x0 is NULL
stack at sp + 2 slots: 0x0 is NULL
stack at sp + 3 slots: 0x0 is NULL
stack at sp + 4 slots: 0x0 is NULL
stack at sp + 5 slots: 0x00007ff798ab904c fileCopy.dll
stack at sp + 6 slots: 0x0 is NULL
stack at sp + 7 slots: 0x0 is NULL


---------------  P R O C E S S  ---------------

Threads class SMR info:
_java_thread_list=0x000002ddce8d3dd0, length=12, elements={
0x000002ddafce7690, 0x000002ddcdbbd600, 0x000002ddcdbbe4c0, 0x000002ddcdbd1950,
0x000002ddcdbd3560, 0x000002ddcdbd5f70, 0x000002ddcdbd7980, 0x000002ddcdbdcb80,
0x000002ddcdbe95b0, 0x000002ddcdc1bf10, 0x000002ddce8d07e0, 0x000002ddce8d4040
}

Java Threads: ( => current thread )
=>0x000002ddafce7690 JavaThread "main" [_thread_in_native, id=13840, stack(0x000000f2f1100000,0x000000f2f1200000)]
  0x000002ddcdbbd600 JavaThread "Reference Handler" daemon [_thread_blocked, id=3544, stack(0x000000f2f1800000,0x000000f2f1900000)]
  0x000002ddcdbbe4c0 JavaThread "Finalizer" daemon [_thread_blocked, id=18164, stack(0x000000f2f1900000,0x000000f2f1a00000)]
  0x000002ddcdbd1950 JavaThread "Signal Dispatcher" daemon [_thread_blocked, id=8292, stack(0x000000f2f1a00000,0x000000f2f1b00000)]
  0x000002ddcdbd3560 JavaThread "Attach Listener" daemon [_thread_blocked, id=17472, stack(0x000000f2f1b00000,0x000000f2f1c00000)]
  0x000002ddcdbd5f70 JavaThread "Service Thread" daemon [_thread_blocked, id=14280, stack(0x000000f2f1c00000,0x000000f2f1d00000)]
  0x000002ddcdbd7980 JavaThread "Monitor Deflation Thread" daemon [_thread_blocked, id=7804, stack(0x000000f2f1d00000,0x000000f2f1e00000)]
  0x000002ddcdbdcb80 JavaThread "C2 CompilerThread0" daemon [_thread_blocked, id=15460, stack(0x000000f2f1e00000,0x000000f2f1f00000)]
  0x000002ddcdbe95b0 JavaThread "C1 CompilerThread0" daemon [_thread_blocked, id=7492, stack(0x000000f2f1f00000,0x000000f2f2000000)]
  0x000002ddcdc1bf10 JavaThread "Sweeper thread" daemon [_thread_blocked, id=2084, stack(0x000000f2f2000000,0x000000f2f2100000)]
  0x000002ddce8d07e0 JavaThread "Notification Thread" daemon [_thread_blocked, id=5688, stack(0x000000f2f2100000,0x000000f2f2200000)]
  0x000002ddce8d4040 JavaThread "Common-Cleaner" daemon [_thread_blocked, id=16172, stack(0x000000f2f2300000,0x000000f2f2400000)]

Other Threads:
  0x000002ddcdbb79a0 VMThread "VM Thread" [stack: 0x000000f2f1700000,0x000000f2f1800000] [id=10516]
  0x000002ddce8d3530 WatcherThread [stack: 0x000000f2f2200000,0x000000f2f2300000] [id=14464]
  0x000002ddafd28b40 GCTaskThread "GC Thread#0" [stack: 0x000000f2f1200000,0x000000f2f1300000] [id=12884]
  0x000002ddafd3aa50 ConcurrentGCThread "G1 Main Marker" [stack: 0x000000f2f1300000,0x000000f2f1400000] [id=16796]
  0x000002ddafd3bce0 ConcurrentGCThread "G1 Conc#0" [stack: 0x000000f2f1400000,0x000000f2f1500000] [id=12980]
  0x000002ddafdc41a0 ConcurrentGCThread "G1 Refine#0" [stack: 0x000000f2f1500000,0x000000f2f1600000] [id=15316]
  0x000002ddafdc4ca0 ConcurrentGCThread "G1 Service" [stack: 0x000000f2f1600000,0x000000f2f1700000] [id=8804]

Threads with active compile tasks:

VM state: not at safepoint (normal execution)

VM Mutex/Monitor currently owned by a thread: None

Heap address: 0x0000000083200000, size: 1998 MB, Compressed Oops mode: 32-bit

CDS archive(s) mapped at: [0x0000000800000000-0x0000000800bb0000-0x0000000800bb0000), size 12255232, SharedBaseAddress: 0x0000000800000000, ArchiveRelocationMode: 0.
Compressed class space mapped at: 0x0000000800c00000-0x0000000840c00000, reserved size: 1073741824
Narrow klass base: 0x0000000800000000, Narrow klass shift: 3, Narrow klass range: 0x100000000

GC Precious Log:
 CPUs: 8 total, 8 available
 Memory: 7988M
 Large Page Support: Disabled
 NUMA Support: Disabled
 Compressed Oops: Enabled (32-bit)
 Heap Region Size: 1M
 Heap Min Capacity: 8M
 Heap Initial Capacity: 126M
 Heap Max Capacity: 1998M
 Pre-touch: Disabled
 Parallel Workers: 8
 Concurrent Workers: 2
 Concurrent Refinement Workers: 8
 Periodic GC: Disabled

Heap:
 garbage-first heap   total 129024K, used 1024K [0x0000000083200000, 0x0000000100000000)
  region size 1024K, 2 young (2048K), 0 survivors (0K)
 Metaspace       used 497K, committed 704K, reserved 1056768K
  class space    used 29K, committed 128K, reserved 1048576K

Heap Regions: E=young(eden), S=young(survivor), O=old, HS=humongous(starts), HC=humongous(continues), CS=collection set, F=free, OA=open archive, CA=closed archive, TAMS=top-at-mark-start (previous, next)
|   0|0x0000000083200000, 0x0000000083200000, 0x0000000083300000|  0%| F|  |TAMS 0x0000000083200000, 0x0000000083200000| Untracked 
|   1|0x0000000083300000, 0x0000000083300000, 0x0000000083400000|  0%| F|  |TAMS 0x0000000083300000, 0x0000000083300000| Untracked 
|   2|0x0000000083400000, 0x0000000083400000, 0x0000000083500000|  0%| F|  |TAMS 0x0000000083400000, 0x0000000083400000| Untracked 
|   3|0x0000000083500000, 0x0000000083500000, 0x0000000083600000|  0%| F|  |TAMS 0x0000000083500000, 0x0000000083500000| Untracked 
|   4|0x0000000083600000, 0x0000000083600000, 0x0000000083700000|  0%| F|  |TAMS 0x0000000083600000, 0x0000000083600000| Untracked 
|   5|0x0000000083700000, 0x0000000083700000, 0x0000000083800000|  0%| F|  |TAMS 0x0000000083700000, 0x0000000083700000| Untracked 
|   6|0x0000000083800000, 0x0000000083800000, 0x0000000083900000|  0%| F|  |TAMS 0x0000000083800000, 0x0000000083800000| Untracked 
|   7|0x0000000083900000, 0x0000000083900000, 0x0000000083a00000|  0%| F|  |TAMS 0x0000000083900000, 0x0000000083900000| Untracked 
|   8|0x0000000083a00000, 0x0000000083a00000, 0x0000000083b00000|  0%| F|  |TAMS 0x0000000083a00000, 0x0000000083a00000| Untracked 
|   9|0x0000000083b00000, 0x0000000083b00000, 0x0000000083c00000|  0%| F|  |TAMS 0x0000000083b00000, 0x0000000083b00000| Untracked 
|  10|0x0000000083c00000, 0x0000000083c00000, 0x0000000083d00000|  0%| F|  |TAMS 0x0000000083c00000, 0x0000000083c00000| Untracked 
|  11|0x0000000083d00000, 0x0000000083d00000, 0x0000000083e00000|  0%| F|  |TAMS 0x0000000083d00000, 0x0000000083d00000| Untracked 
|  12|0x0000000083e00000, 0x0000000083e00000, 0x0000000083f00000|  0%| F|  |TAMS 0x0000000083e00000, 0x0000000083e00000| Untracked 
|  13|0x0000000083f00000, 0x0000000083f00000, 0x0000000084000000|  0%| F|  |TAMS 0x0000000083f00000, 0x0000000083f00000| Untracked 
|  14|0x0000000084000000, 0x0000000084000000, 0x0000000084100000|  0%| F|  |TAMS 0x0000000084000000, 0x0000000084000000| Untracked 
|  15|0x0000000084100000, 0x0000000084100000, 0x0000000084200000|  0%| F|  |TAMS 0x0000000084100000, 0x0000000084100000| Untracked 
|  16|0x0000000084200000, 0x0000000084200000, 0x0000000084300000|  0%| F|  |TAMS 0x0000000084200000, 0x0000000084200000| Untracked 
|  17|0x0000000084300000, 0x0000000084300000, 0x0000000084400000|  0%| F|  |TAMS 0x0000000084300000, 0x0000000084300000| Untracked 
|  18|0x0000000084400000, 0x0000000084400000, 0x0000000084500000|  0%| F|  |TAMS 0x0000000084400000, 0x0000000084400000| Untracked 
|  19|0x0000000084500000, 0x0000000084500000, 0x0000000084600000|  0%| F|  |TAMS 0x0000000084500000, 0x0000000084500000| Untracked 
|  20|0x0000000084600000, 0x0000000084600000, 0x0000000084700000|  0%| F|  |TAMS 0x0000000084600000, 0x0000000084600000| Untracked 
|  21|0x0000000084700000, 0x0000000084700000, 0x0000000084800000|  0%| F|  |TAMS 0x0000000084700000, 0x0000000084700000| Untracked 
|  22|0x0000000084800000, 0x0000000084800000, 0x0000000084900000|  0%| F|  |TAMS 0x0000000084800000, 0x0000000084800000| Untracked 
|  23|0x0000000084900000, 0x0000000084900000, 0x0000000084a00000|  0%| F|  |TAMS 0x0000000084900000, 0x0000000084900000| Untracked 
|  24|0x0000000084a00000, 0x0000000084a00000, 0x0000000084b00000|  0%| F|  |TAMS 0x0000000084a00000, 0x0000000084a00000| Untracked 
|  25|0x0000000084b00000, 0x0000000084b00000, 0x0000000084c00000|  0%| F|  |TAMS 0x0000000084b00000, 0x0000000084b00000| Untracked 
|  26|0x0000000084c00000, 0x0000000084c00000, 0x0000000084d00000|  0%| F|  |TAMS 0x0000000084c00000, 0x0000000084c00000| Untracked 
|  27|0x0000000084d00000, 0x0000000084d00000, 0x0000000084e00000|  0%| F|  |TAMS 0x0000000084d00000, 0x0000000084d00000| Untracked 
|  28|0x0000000084e00000, 0x0000000084e00000, 0x0000000084f00000|  0%| F|  |TAMS 0x0000000084e00000, 0x0000000084e00000| Untracked 
|  29|0x0000000084f00000, 0x0000000084f00000, 0x0000000085000000|  0%| F|  |TAMS 0x0000000084f00000, 0x0000000084f00000| Untracked 
|  30|0x0000000085000000, 0x0000000085000000, 0x0000000085100000|  0%| F|  |TAMS 0x0000000085000000, 0x0000000085000000| Untracked 
|  31|0x0000000085100000, 0x0000000085100000, 0x0000000085200000|  0%| F|  |TAMS 0x0000000085100000, 0x0000000085100000| Untracked 
|  32|0x0000000085200000, 0x0000000085200000, 0x0000000085300000|  0%| F|  |TAMS 0x0000000085200000, 0x0000000085200000| Untracked 
|  33|0x0000000085300000, 0x0000000085300000, 0x0000000085400000|  0%| F|  |TAMS 0x0000000085300000, 0x0000000085300000| Untracked 
|  34|0x0000000085400000, 0x0000000085400000, 0x0000000085500000|  0%| F|  |TAMS 0x0000000085400000, 0x0000000085400000| Untracked 
|  35|0x0000000085500000, 0x0000000085500000, 0x0000000085600000|  0%| F|  |TAMS 0x0000000085500000, 0x0000000085500000| Untracked 
|  36|0x0000000085600000, 0x0000000085600000, 0x0000000085700000|  0%| F|  |TAMS 0x0000000085600000, 0x0000000085600000| Untracked 
|  37|0x0000000085700000, 0x0000000085700000, 0x0000000085800000|  0%| F|  |TAMS 0x0000000085700000, 0x0000000085700000| Untracked 
|  38|0x0000000085800000, 0x0000000085800000, 0x0000000085900000|  0%| F|  |TAMS 0x0000000085800000, 0x0000000085800000| Untracked 
|  39|0x0000000085900000, 0x0000000085900000, 0x0000000085a00000|  0%| F|  |TAMS 0x0000000085900000, 0x0000000085900000| Untracked 
|  40|0x0000000085a00000, 0x0000000085a00000, 0x0000000085b00000|  0%| F|  |TAMS 0x0000000085a00000, 0x0000000085a00000| Untracked 
|  41|0x0000000085b00000, 0x0000000085b00000, 0x0000000085c00000|  0%| F|  |TAMS 0x0000000085b00000, 0x0000000085b00000| Untracked 
|  42|0x0000000085c00000, 0x0000000085c00000, 0x0000000085d00000|  0%| F|  |TAMS 0x0000000085c00000, 0x0000000085c00000| Untracked 
|  43|0x0000000085d00000, 0x0000000085d00000, 0x0000000085e00000|  0%| F|  |TAMS 0x0000000085d00000, 0x0000000085d00000| Untracked 
|  44|0x0000000085e00000, 0x0000000085e00000, 0x0000000085f00000|  0%| F|  |TAMS 0x0000000085e00000, 0x0000000085e00000| Untracked 
|  45|0x0000000085f00000, 0x0000000085f00000, 0x0000000086000000|  0%| F|  |TAMS 0x0000000085f00000, 0x0000000085f00000| Untracked 
|  46|0x0000000086000000, 0x0000000086000000, 0x0000000086100000|  0%| F|  |TAMS 0x0000000086000000, 0x0000000086000000| Untracked 
|  47|0x0000000086100000, 0x0000000086100000, 0x0000000086200000|  0%| F|  |TAMS 0x0000000086100000, 0x0000000086100000| Untracked 
|  48|0x0000000086200000, 0x0000000086200000, 0x0000000086300000|  0%| F|  |TAMS 0x0000000086200000, 0x0000000086200000| Untracked 
|  49|0x0000000086300000, 0x0000000086300000, 0x0000000086400000|  0%| F|  |TAMS 0x0000000086300000, 0x0000000086300000| Untracked 
|  50|0x0000000086400000, 0x0000000086400000, 0x0000000086500000|  0%| F|  |TAMS 0x0000000086400000, 0x0000000086400000| Untracked 
|  51|0x0000000086500000, 0x0000000086500000, 0x0000000086600000|  0%| F|  |TAMS 0x0000000086500000, 0x0000000086500000| Untracked 
|  52|0x0000000086600000, 0x0000000086600000, 0x0000000086700000|  0%| F|  |TAMS 0x0000000086600000, 0x0000000086600000| Untracked 
|  53|0x0000000086700000, 0x0000000086700000, 0x0000000086800000|  0%| F|  |TAMS 0x0000000086700000, 0x0000000086700000| Untracked 
|  54|0x0000000086800000, 0x0000000086800000, 0x0000000086900000|  0%| F|  |TAMS 0x0000000086800000, 0x0000000086800000| Untracked 
|  55|0x0000000086900000, 0x0000000086900000, 0x0000000086a00000|  0%| F|  |TAMS 0x0000000086900000, 0x0000000086900000| Untracked 
|  56|0x0000000086a00000, 0x0000000086a00000, 0x0000000086b00000|  0%| F|  |TAMS 0x0000000086a00000, 0x0000000086a00000| Untracked 
|  57|0x0000000086b00000, 0x0000000086b00000, 0x0000000086c00000|  0%| F|  |TAMS 0x0000000086b00000, 0x0000000086b00000| Untracked 
|  58|0x0000000086c00000, 0x0000000086c00000, 0x0000000086d00000|  0%| F|  |TAMS 0x0000000086c00000, 0x0000000086c00000| Untracked 
|  59|0x0000000086d00000, 0x0000000086d00000, 0x0000000086e00000|  0%| F|  |TAMS 0x0000000086d00000, 0x0000000086d00000| Untracked 
|  60|0x0000000086e00000, 0x0000000086e00000, 0x0000000086f00000|  0%| F|  |TAMS 0x0000000086e00000, 0x0000000086e00000| Untracked 
|  61|0x0000000086f00000, 0x0000000086f00000, 0x0000000087000000|  0%| F|  |TAMS 0x0000000086f00000, 0x0000000086f00000| Untracked 
|  62|0x0000000087000000, 0x0000000087000000, 0x0000000087100000|  0%| F|  |TAMS 0x0000000087000000, 0x0000000087000000| Untracked 
|  63|0x0000000087100000, 0x0000000087100000, 0x0000000087200000|  0%| F|  |TAMS 0x0000000087100000, 0x0000000087100000| Untracked 
|  64|0x0000000087200000, 0x0000000087200000, 0x0000000087300000|  0%| F|  |TAMS 0x0000000087200000, 0x0000000087200000| Untracked 
|  65|0x0000000087300000, 0x0000000087300000, 0x0000000087400000|  0%| F|  |TAMS 0x0000000087300000, 0x0000000087300000| Untracked 
|  66|0x0000000087400000, 0x0000000087400000, 0x0000000087500000|  0%| F|  |TAMS 0x0000000087400000, 0x0000000087400000| Untracked 
|  67|0x0000000087500000, 0x0000000087500000, 0x0000000087600000|  0%| F|  |TAMS 0x0000000087500000, 0x0000000087500000| Untracked 
|  68|0x0000000087600000, 0x0000000087600000, 0x0000000087700000|  0%| F|  |TAMS 0x0000000087600000, 0x0000000087600000| Untracked 
|  69|0x0000000087700000, 0x0000000087700000, 0x0000000087800000|  0%| F|  |TAMS 0x0000000087700000, 0x0000000087700000| Untracked 
|  70|0x0000000087800000, 0x0000000087800000, 0x0000000087900000|  0%| F|  |TAMS 0x0000000087800000, 0x0000000087800000| Untracked 
|  71|0x0000000087900000, 0x0000000087900000, 0x0000000087a00000|  0%| F|  |TAMS 0x0000000087900000, 0x0000000087900000| Untracked 
|  72|0x0000000087a00000, 0x0000000087a00000, 0x0000000087b00000|  0%| F|  |TAMS 0x0000000087a00000, 0x0000000087a00000| Untracked 
|  73|0x0000000087b00000, 0x0000000087b00000, 0x0000000087c00000|  0%| F|  |TAMS 0x0000000087b00000, 0x0000000087b00000| Untracked 
|  74|0x0000000087c00000, 0x0000000087c00000, 0x0000000087d00000|  0%| F|  |TAMS 0x0000000087c00000, 0x0000000087c00000| Untracked 
|  75|0x0000000087d00000, 0x0000000087d00000, 0x0000000087e00000|  0%| F|  |TAMS 0x0000000087d00000, 0x0000000087d00000| Untracked 
|  76|0x0000000087e00000, 0x0000000087e00000, 0x0000000087f00000|  0%| F|  |TAMS 0x0000000087e00000, 0x0000000087e00000| Untracked 
|  77|0x0000000087f00000, 0x0000000087f00000, 0x0000000088000000|  0%| F|  |TAMS 0x0000000087f00000, 0x0000000087f00000| Untracked 
|  78|0x0000000088000000, 0x0000000088000000, 0x0000000088100000|  0%| F|  |TAMS 0x0000000088000000, 0x0000000088000000| Untracked 
|  79|0x0000000088100000, 0x0000000088100000, 0x0000000088200000|  0%| F|  |TAMS 0x0000000088100000, 0x0000000088100000| Untracked 
|  80|0x0000000088200000, 0x0000000088200000, 0x0000000088300000|  0%| F|  |TAMS 0x0000000088200000, 0x0000000088200000| Untracked 
|  81|0x0000000088300000, 0x0000000088300000, 0x0000000088400000|  0%| F|  |TAMS 0x0000000088300000, 0x0000000088300000| Untracked 
|  82|0x0000000088400000, 0x0000000088400000, 0x0000000088500000|  0%| F|  |TAMS 0x0000000088400000, 0x0000000088400000| Untracked 
|  83|0x0000000088500000, 0x0000000088500000, 0x0000000088600000|  0%| F|  |TAMS 0x0000000088500000, 0x0000000088500000| Untracked 
|  84|0x0000000088600000, 0x0000000088600000, 0x0000000088700000|  0%| F|  |TAMS 0x0000000088600000, 0x0000000088600000| Untracked 
|  85|0x0000000088700000, 0x0000000088700000, 0x0000000088800000|  0%| F|  |TAMS 0x0000000088700000, 0x0000000088700000| Untracked 
|  86|0x0000000088800000, 0x0000000088800000, 0x0000000088900000|  0%| F|  |TAMS 0x0000000088800000, 0x0000000088800000| Untracked 
|  87|0x0000000088900000, 0x0000000088900000, 0x0000000088a00000|  0%| F|  |TAMS 0x0000000088900000, 0x0000000088900000| Untracked 
|  88|0x0000000088a00000, 0x0000000088a00000, 0x0000000088b00000|  0%| F|  |TAMS 0x0000000088a00000, 0x0000000088a00000| Untracked 
|  89|0x0000000088b00000, 0x0000000088b00000, 0x0000000088c00000|  0%| F|  |TAMS 0x0000000088b00000, 0x0000000088b00000| Untracked 
|  90|0x0000000088c00000, 0x0000000088c00000, 0x0000000088d00000|  0%| F|  |TAMS 0x0000000088c00000, 0x0000000088c00000| Untracked 
|  91|0x0000000088d00000, 0x0000000088d00000, 0x0000000088e00000|  0%| F|  |TAMS 0x0000000088d00000, 0x0000000088d00000| Untracked 
|  92|0x0000000088e00000, 0x0000000088e00000, 0x0000000088f00000|  0%| F|  |TAMS 0x0000000088e00000, 0x0000000088e00000| Untracked 
|  93|0x0000000088f00000, 0x0000000088f00000, 0x0000000089000000|  0%| F|  |TAMS 0x0000000088f00000, 0x0000000088f00000| Untracked 
|  94|0x0000000089000000, 0x0000000089000000, 0x0000000089100000|  0%| F|  |TAMS 0x0000000089000000, 0x0000000089000000| Untracked 
|  95|0x0000000089100000, 0x0000000089100000, 0x0000000089200000|  0%| F|  |TAMS 0x0000000089100000, 0x0000000089100000| Untracked 
|  96|0x0000000089200000, 0x0000000089200000, 0x0000000089300000|  0%| F|  |TAMS 0x0000000089200000, 0x0000000089200000| Untracked 
|  97|0x0000000089300000, 0x0000000089300000, 0x0000000089400000|  0%| F|  |TAMS 0x0000000089300000, 0x0000000089300000| Untracked 
|  98|0x0000000089400000, 0x0000000089400000, 0x0000000089500000|  0%| F|  |TAMS 0x0000000089400000, 0x0000000089400000| Untracked 
|  99|0x0000000089500000, 0x0000000089500000, 0x0000000089600000|  0%| F|  |TAMS 0x0000000089500000, 0x0000000089500000| Untracked 
| 100|0x0000000089600000, 0x0000000089600000, 0x0000000089700000|  0%| F|  |TAMS 0x0000000089600000, 0x0000000089600000| Untracked 
| 101|0x0000000089700000, 0x0000000089700000, 0x0000000089800000|  0%| F|  |TAMS 0x0000000089700000, 0x0000000089700000| Untracked 
| 102|0x0000000089800000, 0x0000000089800000, 0x0000000089900000|  0%| F|  |TAMS 0x0000000089800000, 0x0000000089800000| Untracked 
| 103|0x0000000089900000, 0x0000000089900000, 0x0000000089a00000|  0%| F|  |TAMS 0x0000000089900000, 0x0000000089900000| Untracked 
| 104|0x0000000089a00000, 0x0000000089a00000, 0x0000000089b00000|  0%| F|  |TAMS 0x0000000089a00000, 0x0000000089a00000| Untracked 
| 105|0x0000000089b00000, 0x0000000089b00000, 0x0000000089c00000|  0%| F|  |TAMS 0x0000000089b00000, 0x0000000089b00000| Untracked 
| 106|0x0000000089c00000, 0x0000000089c00000, 0x0000000089d00000|  0%| F|  |TAMS 0x0000000089c00000, 0x0000000089c00000| Untracked 
| 107|0x0000000089d00000, 0x0000000089d00000, 0x0000000089e00000|  0%| F|  |TAMS 0x0000000089d00000, 0x0000000089d00000| Untracked 
| 108|0x0000000089e00000, 0x0000000089e00000, 0x0000000089f00000|  0%| F|  |TAMS 0x0000000089e00000, 0x0000000089e00000| Untracked 
| 109|0x0000000089f00000, 0x0000000089f00000, 0x000000008a000000|  0%| F|  |TAMS 0x0000000089f00000, 0x0000000089f00000| Untracked 
| 110|0x000000008a000000, 0x000000008a000000, 0x000000008a100000|  0%| F|  |TAMS 0x000000008a000000, 0x000000008a000000| Untracked 
| 111|0x000000008a100000, 0x000000008a100000, 0x000000008a200000|  0%| F|  |TAMS 0x000000008a100000, 0x000000008a100000| Untracked 
| 112|0x000000008a200000, 0x000000008a200000, 0x000000008a300000|  0%| F|  |TAMS 0x000000008a200000, 0x000000008a200000| Untracked 
| 113|0x000000008a300000, 0x000000008a300000, 0x000000008a400000|  0%| F|  |TAMS 0x000000008a300000, 0x000000008a300000| Untracked 
| 114|0x000000008a400000, 0x000000008a400000, 0x000000008a500000|  0%| F|  |TAMS 0x000000008a400000, 0x000000008a400000| Untracked 
| 115|0x000000008a500000, 0x000000008a500000, 0x000000008a600000|  0%| F|  |TAMS 0x000000008a500000, 0x000000008a500000| Untracked 
| 116|0x000000008a600000, 0x000000008a600000, 0x000000008a700000|  0%| F|  |TAMS 0x000000008a600000, 0x000000008a600000| Untracked 
| 117|0x000000008a700000, 0x000000008a700000, 0x000000008a800000|  0%| F|  |TAMS 0x000000008a700000, 0x000000008a700000| Untracked 
| 118|0x000000008a800000, 0x000000008a800000, 0x000000008a900000|  0%| F|  |TAMS 0x000000008a800000, 0x000000008a800000| Untracked 
| 119|0x000000008a900000, 0x000000008a900000, 0x000000008aa00000|  0%| F|  |TAMS 0x000000008a900000, 0x000000008a900000| Untracked 
| 120|0x000000008aa00000, 0x000000008aa00000, 0x000000008ab00000|  0%| F|  |TAMS 0x000000008aa00000, 0x000000008aa00000| Untracked 
| 121|0x000000008ab00000, 0x000000008ab00000, 0x000000008ac00000|  0%| F|  |TAMS 0x000000008ab00000, 0x000000008ab00000| Untracked 
| 122|0x000000008ac00000, 0x000000008ac00000, 0x000000008ad00000|  0%| F|  |TAMS 0x000000008ac00000, 0x000000008ac00000| Untracked 
| 123|0x000000008ad00000, 0x000000008ad00000, 0x000000008ae00000|  0%| F|  |TAMS 0x000000008ad00000, 0x000000008ad00000| Untracked 
| 124|0x000000008ae00000, 0x000000008aeec0a0, 0x000000008af00000| 92%| E|  |TAMS 0x000000008ae00000, 0x000000008ae00000| Complete 
| 125|0x000000008af00000, 0x000000008b000000, 0x000000008b000000|100%| E|CS|TAMS 0x000000008af00000, 0x000000008af00000| Complete 

Card table byte_map: [0x000002ddc6b90000,0x000002ddc6f80000] _byte_map_base: 0x000002ddc6777000

Marking Bits (Prev, Next): (CMBitMap*) 0x000002ddafd29230, (CMBitMap*) 0x000002ddafd29270
 Prev Bits: [0x000002ddc7370000, 0x000002ddc92a8000)
 Next Bits: [0x000002ddc92b0000, 0x000002ddcb1e8000)

Polling page: 0x000002ddaf4d0000

Metaspace:

Usage:
  Non-class:    468.12 KB used.
      Class:     29.33 KB used.
       Both:    497.45 KB used.

Virtual space:
  Non-class space:        8.00 MB reserved,     576.00 KB (  7%) committed,  1 nodes.
      Class space:        1.00 GB reserved,     128.00 KB ( <1%) committed,  1 nodes.
              Both:        1.01 GB reserved,     704.00 KB ( <1%) committed. 

Chunk freelists:
   Non-Class:  3.98 MB
       Class:  3.74 MB
        Both:  7.73 MB

MaxMetaspaceSize: 17179869184.00 GB
CompressedClassSpaceSize: 1.00 GB
 - commit_granule_bytes: 65536.
 - commit_granule_words: 8192.
 - virtual_space_node_default_size: 1048576.
 - enlarge_chunks_in_place: 1.
 - new_chunks_are_fully_committed: 0.
 - uncommit_free_chunks: 1.
 - use_allocation_guard: 0.
 - handle_deallocations: 1.


Internal statistics:

num_allocs_failed_limit: 0.
num_arena_births: 8.
num_arena_deaths: 0.
num_vsnodes_births: 2.
num_vsnodes_deaths: 0.
num_space_committed: 11.
num_space_uncommitted: 0.
num_chunks_returned_to_freelist: 0.
num_chunks_taken_from_freelist: 10.
num_chunk_merges: 0.
num_chunk_splits: 5.
num_chunks_enlarged: 3.
num_purges: 0.

CodeHeap 'non-profiled nmethods': size=120000Kb used=48Kb max_used=48Kb free=119951Kb
 bounds [0x000002ddbef40000, 0x000002ddbf1b0000, 0x000002ddc6470000]
CodeHeap 'profiled nmethods': size=120000Kb used=183Kb max_used=183Kb free=119816Kb
 bounds [0x000002ddb7a10000, 0x000002ddb7c80000, 0x000002ddbef40000]
CodeHeap 'non-nmethods': size=5760Kb used=1105Kb max_used=1118Kb free=4654Kb
 bounds [0x000002ddb7470000, 0x000002ddb76e0000, 0x000002ddb7a10000]
 total_blobs=532 nmethods=157 adapters=288
 compilation: enabled
              stopped_count=0, restarted_count=0
 full_count=0

Compilation events (20 events):
Event: 0.246 Thread 0x000002ddcdbe95b0  144       1       java.lang.invoke.MethodType$ConcurrentWeakInternSet$WeakEntry::hashCode (5 bytes)
Event: 0.246 Thread 0x000002ddcdbe95b0 nmethod 144 0x000002ddbef4a810 code [0x000002ddbef4a9a0, 0x000002ddbef4aa78]
Event: 0.246 Thread 0x000002ddcdbe95b0  143       1       java.lang.Class::getModule (5 bytes)
Event: 0.246 Thread 0x000002ddcdbe95b0 nmethod 143 0x000002ddbef4ab10 code [0x000002ddbef4aca0, 0x000002ddbef4ad78]
Event: 0.246 Thread 0x000002ddcdbdcb80  147       4       java.lang.StringUTF16::getChar (60 bytes)
Event: 0.246 Thread 0x000002ddcdbe95b0  138       1       java.lang.module.ModuleDescriptor::isOpen (5 bytes)
Event: 0.246 Thread 0x000002ddcdbe95b0 nmethod 138 0x000002ddbef4ae10 code [0x000002ddbef4afa0, 0x000002ddbef4b078]
Event: 0.250 Thread 0x000002ddcdbe95b0  148       3       java.lang.AbstractStringBuilder::append (45 bytes)
Event: 0.250 Thread 0x000002ddcdbdcb80 nmethod 147 0x000002ddbef4b110 code [0x000002ddbef4b2a0, 0x000002ddbef4b378]
Event: 0.251 Thread 0x000002ddcdbe95b0 nmethod 148 0x000002ddb7a3c690 code [0x000002ddb7a3c880, 0x000002ddb7a3cbc8]
Event: 0.252 Thread 0x000002ddcdbe95b0  149       3       java.lang.invoke.MethodType::parameterCount (6 bytes)
Event: 0.252 Thread 0x000002ddcdbe95b0 nmethod 149 0x000002ddb7a3cd90 code [0x000002ddb7a3cf20, 0x000002ddb7a3d038]
Event: 0.254 Thread 0x000002ddcdbe95b0  151       3       java.lang.ref.Reference::<init> (25 bytes)
Event: 0.254 Thread 0x000002ddcdbe95b0 nmethod 151 0x000002ddb7a3d110 code [0x000002ddb7a3d2c0, 0x000002ddb7a3d538]
Event: 0.254 Thread 0x000002ddcdbe95b0  154       3       java.lang.Class::getName (18 bytes)
Event: 0.255 Thread 0x000002ddcdbe95b0 nmethod 154 0x000002ddb7a3d610 code [0x000002ddb7a3d7c0, 0x000002ddb7a3d948]
Event: 0.255 Thread 0x000002ddcdbe95b0  153       1       java.lang.invoke.MethodHandle::type (5 bytes)
Event: 0.255 Thread 0x000002ddcdbe95b0 nmethod 153 0x000002ddbef4c090 code [0x000002ddbef4c220, 0x000002ddbef4c2f8]
Event: 0.255 Thread 0x000002ddcdbe95b0  157       3       java.lang.invoke.MemberName::testAllFlags (7 bytes)
Event: 0.256 Thread 0x000002ddcdbe95b0 nmethod 157 0x000002ddb7a3da10 code [0x000002ddb7a3dbc0, 0x000002ddb7a3dd98]

GC Heap History (0 events):
No events

Deoptimization events (0 events):
No events

Classes unloaded (0 events):
No events

Classes redefined (0 events):
No events

Internal exceptions (0 events):
No events

Events (20 events):
Event: 0.208 loading class sun/util/resources/LocaleData$CommonResourceBundleProvider
Event: 0.209 loading class sun/util/resources/LocaleData$LocaleDataResourceBundleProvider
Event: 0.209 loading class java/util/spi/ResourceBundleProvider
Event: 0.210 loading class java/util/spi/ResourceBundleProvider done
Event: 0.210 loading class sun/util/resources/LocaleData$LocaleDataResourceBundleProvider done
Event: 0.210 loading class sun/util/resources/LocaleData$CommonResourceBundleProvider done
Event: 0.212 loading class java/util/ArrayList$SubList$1
Event: 0.213 loading class java/util/ArrayList$SubList$1 done
Event: 0.216 loading class sun/text/resources/cldr/FormatData_en
Event: 0.218 loading class sun/text/resources/cldr/FormatData_en done
Event: 0.218 loading class sun/util/resources/Bundles$2
Event: 0.219 loading class sun/util/resources/Bundles$2 done
Event: 0.222 loading class java/lang/InstantiationException
Event: 0.222 loading class java/lang/InstantiationException done
Event: 0.222 loading class java/lang/IllegalAccessException
Event: 0.223 loading class java/lang/IllegalAccessException done
Event: 1.035 Executing  VM operation: Cleanup
Event: 1.035 Executing  VM operation: Cleanup done
Event: 3.593 loading class java/util/regex/Matcher$ImmutableMatchResult
Event: 3.594 loading class java/util/regex/Matcher$ImmutableMatchResult done


Dynamic libraries:
0x00007ff608e50000 - 0x00007ff608e60000 	C:\Program Files\Java\jdk-16.0.1\bin\java.exe
0x00007ff970840000 - 0x00007ff970a49000 	C:\WINDOWS\SYSTEM32\ntdll.dll
0x00007ff96f670000 - 0x00007ff96f72d000 	C:\WINDOWS\System32\KERNEL32.DLL
0x00007ff96df60000 - 0x00007ff96e2d4000 	C:\WINDOWS\System32\KERNELBASE.dll
0x00007ff96e430000 - 0x00007ff96e541000 	C:\WINDOWS\System32\ucrtbase.dll
0x00007ff958fc0000 - 0x00007ff958fd8000 	C:\Program Files\Java\jdk-16.0.1\bin\jli.dll
0x00007ff93e570000 - 0x00007ff93e589000 	C:\Program Files\Java\jdk-16.0.1\bin\VCRUNTIME140.dll
0x00007ff96e9a0000 - 0x00007ff96ea4e000 	C:\WINDOWS\System32\ADVAPI32.dll
0x00007ff96f5c0000 - 0x00007ff96f663000 	C:\WINDOWS\System32\msvcrt.dll
0x00007ff970360000 - 0x00007ff9703fe000 	C:\WINDOWS\System32\sechost.dll
0x00007ff970240000 - 0x00007ff970360000 	C:\WINDOWS\System32\RPCRT4.dll
0x00007ff96f270000 - 0x00007ff96f41c000 	C:\WINDOWS\System32\USER32.dll
0x00007ff96e400000 - 0x00007ff96e426000 	C:\WINDOWS\System32\win32u.dll
0x00007ff958760000 - 0x00007ff958a05000 	C:\WINDOWS\WinSxS\amd64_microsoft.windows.common-controls_6595b64144ccf1df_6.0.22000.120_none_9d947278b86cc467\COMCTL32.dll
0x00007ff96f730000 - 0x00007ff96f759000 	C:\WINDOWS\System32\GDI32.dll
0x00007ff96e550000 - 0x00007ff96e662000 	C:\WINDOWS\System32\gdi32full.dll
0x00007ff96e2e0000 - 0x00007ff96e37d000 	C:\WINDOWS\System32\msvcp_win.dll
0x00007ff964010000 - 0x00007ff96401a000 	C:\WINDOWS\SYSTEM32\VERSION.dll
0x00007ff96fff0000 - 0x00007ff970021000 	C:\WINDOWS\System32\IMM32.DLL
0x00007ff964df0000 - 0x00007ff964dfc000 	C:\Program Files\Java\jdk-16.0.1\bin\vcruntime140_1.dll
0x00007ff9243d0000 - 0x00007ff924461000 	C:\Program Files\Java\jdk-16.0.1\bin\msvcp140.dll
0x00007ff8b0d90000 - 0x00007ff8b193b000 	C:\Program Files\Java\jdk-16.0.1\bin\server\jvm.dll
0x00007ff96f520000 - 0x00007ff96f528000 	C:\WINDOWS\System32\PSAPI.DLL
0x00007ff93e7f0000 - 0x00007ff93e7f9000 	C:\WINDOWS\SYSTEM32\WSOCK32.dll
0x00007ff9671f0000 - 0x00007ff967223000 	C:\WINDOWS\SYSTEM32\WINMM.dll
0x00007ff96ea50000 - 0x00007ff96eabf000 	C:\WINDOWS\System32\WS2_32.dll
0x00007ff96cf20000 - 0x00007ff96cf38000 	C:\WINDOWS\SYSTEM32\kernel.appcore.dll
0x00007ff95c000000 - 0x00007ff95c00a000 	C:\Program Files\Java\jdk-16.0.1\bin\jimage.dll
0x00007ff968050000 - 0x00007ff968271000 	C:\WINDOWS\SYSTEM32\DBGHELP.DLL
0x00007ff9558f0000 - 0x00007ff955921000 	C:\WINDOWS\SYSTEM32\dbgcore.DLL
0x00007ff96e380000 - 0x00007ff96e3ff000 	C:\WINDOWS\System32\bcryptPrimitives.dll
0x00007ff92b740000 - 0x00007ff92b765000 	C:\Program Files\Java\jdk-16.0.1\bin\java.dll
0x00007ff96eac0000 - 0x00007ff96f26e000 	C:\WINDOWS\System32\SHELL32.dll
0x00007ff96beb0000 - 0x00007ff96c717000 	C:\WINDOWS\SYSTEM32\windows.storage.dll
0x00007ff970480000 - 0x00007ff9707f8000 	C:\WINDOWS\System32\combase.dll
0x00007ff96bd40000 - 0x00007ff96bea6000 	C:\WINDOWS\SYSTEM32\wintypes.dll
0x00007ff96e8b0000 - 0x00007ff96e99a000 	C:\WINDOWS\System32\SHCORE.dll
0x00007ff96ff90000 - 0x00007ff96ffed000 	C:\WINDOWS\System32\shlwapi.dll
0x00007ff96dc60000 - 0x00007ff96dc81000 	C:\WINDOWS\SYSTEM32\profapi.dll
0x00007ff798a90000 - 0x00007ff798abd000 	C:\Users\soory\OneDrive\Desktop\dllCheck\fileCopy.dll

dbghelp: loaded successfully - version: 4.0.5 - missing functions: none
symbol engine: initialized successfully - sym options: 0x614 - pdb path: .;C:\Program Files\Java\jdk-16.0.1\bin;C:\WINDOWS\SYSTEM32;C:\WINDOWS\WinSxS\amd64_microsoft.windows.common-controls_6595b64144ccf1df_6.0.22000.120_none_9d947278b86cc467;C:\Program Files\Java\jdk-16.0.1\bin\server;C:\Users\soory\OneDrive\Desktop\dllCheck

VM Arguments:
jvm_args: -Djava.library.path=. 
java_command: Check
java_class_path (initial): .
Launcher Type: SUN_STANDARD

[Global flags]
     intx CICompilerCount                          = 4                                         {product} {ergonomic}
     uint ConcGCThreads                            = 2                                         {product} {ergonomic}
     uint G1ConcRefinementThreads                  = 8                                         {product} {ergonomic}
   size_t G1HeapRegionSize                         = 1048576                                   {product} {ergonomic}
    uintx GCDrainStackTargetSize                   = 64                                        {product} {ergonomic}
   size_t InitialHeapSize                          = 132120576                                 {product} {ergonomic}
   size_t MarkStackSize                            = 4194304                                   {product} {ergonomic}
   size_t MaxHeapSize                              = 2095054848                                {product} {ergonomic}
   size_t MaxNewSize                               = 1256194048                                {product} {ergonomic}
   size_t MinHeapDeltaBytes                        = 1048576                                   {product} {ergonomic}
   size_t MinHeapSize                              = 8388608                                   {product} {ergonomic}
    uintx NonNMethodCodeHeapSize                   = 5839372                                {pd product} {ergonomic}
    uintx NonProfiledCodeHeapSize                  = 122909434                              {pd product} {ergonomic}
    uintx ProfiledCodeHeapSize                     = 122909434                              {pd product} {ergonomic}
    uintx ReservedCodeCacheSize                    = 251658240                              {pd product} {ergonomic}
     bool SegmentedCodeCache                       = true                                      {product} {ergonomic}
   size_t SoftMaxHeapSize                          = 2095054848                             {manageable} {ergonomic}
     bool UseCompressedClassPointers               = true                           {product lp64_product} {ergonomic}
     bool UseCompressedOops                        = true                           {product lp64_product} {ergonomic}
     bool UseG1GC                                  = true                                      {product} {ergonomic}
     bool UseLargePagesIndividualAllocation        = false                                  {pd product} {ergonomic}

Logging:
Log output configuration:
 #0: stdout all=warning uptime,level,tags
 #1: stderr all=off uptime,level,tags

Environment Variables:
JAVA_HOME=C:\Program Files\Java\jdk-16.0.1
PATH=C:\Program Files\Common Files\Oracle\Java\javapath;C:\Windows\system32;C:\Windows;C:\Windows\System32\Wbem;C:\Windows\System32\WindowsPowerShell\v1.0\;C:\Windows\System32\OpenSSH\;C:\Program Files (x86)\NVIDIA Corporation\PhysX\Common;C:\Program Files\NVIDIA Corporation\NVIDIA NvDLISR;C:\WINDOWS\system32;C:\WINDOWS;C:\WINDOWS\System32\Wbem;C:\WINDOWS\System32\WindowsPowerShell\v1.0\;C:\WINDOWS\System32\OpenSSH\;C:\Program Files\Git\cmd;C:\Program Files\Java\jdk-16.0.1\bin;C:\Program Files\Microsoft SQL Server\150\Tools\Binn\;C:\Program Files\Microsoft SQL Server\Client SDK\ODBC\170\Tools\Binn\;C:\Program Files\dotnet\;C:\Users\soory\AppData\Local\Microsoft\WindowsApps;C:\Users\soory\AppData\Local\GitHubDesktop\bin;C:\Program Files\Java\jdk-16.0.1\bin;C:\cygwin64\bin;C:\Users\soory\AppData\Local\Programs\Microsoft VS Code\bin;C:\Users\soory\.dotnet\tools;
USERNAME=soory
OS=Windows_NT
PROCESSOR_IDENTIFIER=Intel64 Family 6 Model 142 Stepping 12, GenuineIntel



---------------  S Y S T E M  ---------------

OS:
 Windows 10 , 64 bit Build 22000 (10.0.22000.434)
OS uptime: 0 days 16:29 hours

CPU: total 8 (initial active 8) (4 cores per cpu, 2 threads per core) family 6 model 142 stepping 12 microcode 0xde, cx8, cmov, fxsr, ht, mmx, 3dnowpref, sse, sse2, sse3, ssse3, sse4.1, sse4.2, popcnt, lzcnt, tsc, tscinvbit, avx, avx2, aes, erms, clmul, bmi1, bmi2, adx, fma, vzeroupper, clflush, clflushopt

Memory: 4k page, system-wide physical 7988M (937M free)
TotalPageFile size 13511M (AvailPageFile size 2159M)
current process WorkingSet (physical memory assigned to process): 32M, peak: 32M
current process commit charge ("private bytes"): 208M, peak: 208M

vm_info: Java HotSpot(TM) 64-Bit Server VM (16.0.1+9-24) for windows-amd64 JRE (16.0.1+9-24), built on Mar 26 2021 19:31:42 by "mach5one" with MS VC++ 16.7 (VS2019)

END.
