#
# A fatal error has been detected by the Java Runtime Environment:
#
#  EXCEPTION_ACCESS_VIOLATION (0xc0000005) at pc=0x0000000000027bfc, pid=2988, tid=17356
#
# JRE version: Java(TM) SE Runtime Environment (16.0.1+9) (build 16.0.1+9-24)
# Java VM: Java HotSpot(TM) 64-Bit Server VM (16.0.1+9-24, mixed mode, sharing, tiered, compressed oops, compressed class ptrs, g1 gc, windows-amd64)
# Problematic frame:
# C  0x0000000000027bfc
#
# No core dump will be written. Minidumps are not enabled by default on client versions of Windows
#
# If you would like to submit a bug report, please visit:
#   https://bugreport.java.com/bugreport/crash.jsp
# The crash happened outside the Java Virtual Machine in native code.
# See problematic frame for where to report the bug.
#

---------------  S U M M A R Y ------------

Command Line: -Djava.library.path=. Check

Host: Intel(R) Core(TM) i5-10210U CPU @ 1.60GHz, 8 cores, 7G,  Windows 10 , 64 bit Build 22000 (10.0.22000.434)
Time: Tue Mar  8 15:35:02 2022 India Standard Time elapsed time: 30.930390 seconds (0d 0h 0m 30s)

---------------  T H R E A D  ---------------

Current thread (0x000001edc5369bb0):  JavaThread "main" [_thread_in_native, id=17356, stack(0x0000004d98300000,0x0000004d98400000)]

Stack: [0x0000004d98300000,0x0000004d98400000],  sp=0x0000004d983fe788,  free space=1017k
Native frames: (J=compiled Java code, j=interpreted, Vv=VM code, C=native code)
C  0x0000000000027bfc

Java frames: (J=compiled Java code, j=interpreted, Vv=VM code)
j  Check.copyFile(Ljava/lang/String;Ljava/lang/String;)Z+0
j  Check.main([Ljava/lang/String;)V+50
v  ~StubRoutines::call_stub

siginfo: EXCEPTION_ACCESS_VIOLATION (0xc0000005), data execution prevention violation at address 0x0000000000027bfc


Register to memory mapping:

RIP=0x0000000000027bfc is an unknown value
RAX=0x0000000000000001 is an unknown value
RBX={method} {0x000001ede38003d8} 'copyFile' '(Ljava/lang/String;Ljava/lang/String;)Z' in 'Check'
RCX=0x0000000000000010 is an unknown value
RDX=0x0000000000000001 is an unknown value
RSP=0x0000004d983fe788 is pointing into the stack for thread: 0x000001edc5369bb0
RBP=0x0000004d983fe7f0 is pointing into the stack for thread: 0x000001edc5369bb0
RSI=0x000000008aeb3098 is an oop: java.lang.String 
{0x000000008aeb3098} - klass: 'java/lang/String'
RDI=0x0000004d983feca8 is pointing into the stack for thread: 0x000001edc5369bb0
R8 =0x0000004d983fee48 is pointing into the stack for thread: 0x000001edc5369bb0
R9 =0x0 is NULL
R10=0x000000008aeb3200 is pointing into object: [B 
{0x000000008aeb31f0} - klass: {type array byte}
 - length: 42
R11=0x000001ede3cd1980 points into unknown readable memory: 0x73726573555c3a43 | 43 3a 5c 55 73 65 72 73
R12=0x0 is NULL
R13={method} {0x000001ede38003d8} 'copyFile' '(Ljava/lang/String;Ljava/lang/String;)Z' in 'Check'
R14=0x0000004d983ff1d8 is pointing into the stack for thread: 0x000001edc5369bb0
R15=0x000001edc5369bb0 is a thread


Registers:
RAX=0x0000000000000001, RBX=0x000001ede38003d0, RCX=0x0000000000000010, RDX=0x0000000000000001
RSP=0x0000004d983fe788, RBP=0x0000004d983fe7f0, RSI=0x000000008aeb3098, RDI=0x0000004d983feca8
R8 =0x0000004d983fee48, R9 =0x0000000000000000, R10=0x000000008aeb3200, R11=0x000001ede3cd1980
R12=0x0000000000000000, R13=0x000001ede38003d0, R14=0x0000004d983ff1d8, R15=0x000001edc5369bb0
RIP=0x0000000000027bfc, EFLAGS=0x0000000000010206

Top of Stack: (sp=0x0000004d983fe788)
0x0000004d983fe788:   00007ff798aa5943 0000000000000000
0x0000004d983fe798:   0000000000000000 0000000000000000
0x0000004d983fe7a8:   0000000000000000 00007ff798ab904c
0x0000004d983fe7b8:   0000000000000000 0000000000000000
0x0000004d983fe7c8:   00007ff798aa40eb 0000000000000010
0x0000004d983fe7d8:   0000000000000000 0000000000000000
0x0000004d983fe7e8:   0000000000000000 0000000000000000
0x0000004d983fe7f8:   000001edc5369bb0 0000004d983feba0
0x0000004d983fe808:   000000000000000c 0000004d983fea88
0x0000004d983fe818:   0000004d983feaa0 0000000000000002
0x0000004d983fe828:   0000004d983feaa8 0000004d983feba0
0x0000004d983fe838:   00007ff8b110e155 0000004d983feba0
0x0000004d983fe848:   0000004d983fe940 0000000000000000
0x0000004d983fe858:   0000000000000001 0000000800000010
0x0000004d983fe868:   0000004d983feaa8 00007ff798ab904c
0x0000004d983fe878:   000001edc5369bb0 000001edc5369bb0 

Instructions: (pc=0x0000000000027bfc)
0x0000000000027afc:   ?? ?? ?? ?? ?? ?? ?? ?? ?? ?? ?? ?? ?? ?? ?? ??
0x0000000000027b0c:   ?? ?? ?? ?? ?? ?? ?? ?? ?? ?? ?? ?? ?? ?? ?? ??
0x0000000000027b1c:   ?? ?? ?? ?? ?? ?? ?? ?? ?? ?? ?? ?? ?? ?? ?? ??
0x0000000000027b2c:   ?? ?? ?? ?? ?? ?? ?? ?? ?? ?? ?? ?? ?? ?? ?? ??
0x0000000000027b3c:   ?? ?? ?? ?? ?? ?? ?? ?? ?? ?? ?? ?? ?? ?? ?? ??
0x0000000000027b4c:   ?? ?? ?? ?? ?? ?? ?? ?? ?? ?? ?? ?? ?? ?? ?? ??
0x0000000000027b5c:   ?? ?? ?? ?? ?? ?? ?? ?? ?? ?? ?? ?? ?? ?? ?? ??
0x0000000000027b6c:   ?? ?? ?? ?? ?? ?? ?? ?? ?? ?? ?? ?? ?? ?? ?? ??
0x0000000000027b7c:   ?? ?? ?? ?? ?? ?? ?? ?? ?? ?? ?? ?? ?? ?? ?? ??
0x0000000000027b8c:   ?? ?? ?? ?? ?? ?? ?? ?? ?? ?? ?? ?? ?? ?? ?? ??
0x0000000000027b9c:   ?? ?? ?? ?? ?? ?? ?? ?? ?? ?? ?? ?? ?? ?? ?? ??
0x0000000000027bac:   ?? ?? ?? ?? ?? ?? ?? ?? ?? ?? ?? ?? ?? ?? ?? ??
0x0000000000027bbc:   ?? ?? ?? ?? ?? ?? ?? ?? ?? ?? ?? ?? ?? ?? ?? ??
0x0000000000027bcc:   ?? ?? ?? ?? ?? ?? ?? ?? ?? ?? ?? ?? ?? ?? ?? ??
0x0000000000027bdc:   ?? ?? ?? ?? ?? ?? ?? ?? ?? ?? ?? ?? ?? ?? ?? ??
0x0000000000027bec:   ?? ?? ?? ?? ?? ?? ?? ?? ?? ?? ?? ?? ?? ?? ?? ??
0x0000000000027bfc:   ?? ?? ?? ?? ?? ?? ?? ?? ?? ?? ?? ?? ?? ?? ?? ??
0x0000000000027c0c:   ?? ?? ?? ?? ?? ?? ?? ?? ?? ?? ?? ?? ?? ?? ?? ??
0x0000000000027c1c:   ?? ?? ?? ?? ?? ?? ?? ?? ?? ?? ?? ?? ?? ?? ?? ??
0x0000000000027c2c:   ?? ?? ?? ?? ?? ?? ?? ?? ?? ?? ?? ?? ?? ?? ?? ??
0x0000000000027c3c:   ?? ?? ?? ?? ?? ?? ?? ?? ?? ?? ?? ?? ?? ?? ?? ??
0x0000000000027c4c:   ?? ?? ?? ?? ?? ?? ?? ?? ?? ?? ?? ?? ?? ?? ?? ??
0x0000000000027c5c:   ?? ?? ?? ?? ?? ?? ?? ?? ?? ?? ?? ?? ?? ?? ?? ??
0x0000000000027c6c:   ?? ?? ?? ?? ?? ?? ?? ?? ?? ?? ?? ?? ?? ?? ?? ??
0x0000000000027c7c:   ?? ?? ?? ?? ?? ?? ?? ?? ?? ?? ?? ?? ?? ?? ?? ??
0x0000000000027c8c:   ?? ?? ?? ?? ?? ?? ?? ?? ?? ?? ?? ?? ?? ?? ?? ??
0x0000000000027c9c:   ?? ?? ?? ?? ?? ?? ?? ?? ?? ?? ?? ?? ?? ?? ?? ??
0x0000000000027cac:   ?? ?? ?? ?? ?? ?? ?? ?? ?? ?? ?? ?? ?? ?? ?? ??
0x0000000000027cbc:   ?? ?? ?? ?? ?? ?? ?? ?? ?? ?? ?? ?? ?? ?? ?? ??
0x0000000000027ccc:   ?? ?? ?? ?? ?? ?? ?? ?? ?? ?? ?? ?? ?? ?? ?? ??
0x0000000000027cdc:   ?? ?? ?? ?? ?? ?? ?? ?? ?? ?? ?? ?? ?? ?? ?? ??
0x0000000000027cec:   ?? ?? ?? ?? ?? ?? ?? ?? ?? ?? ?? ?? ?? ?? ?? ?? 


Stack slot to memory mapping:
stack at sp + 0 slots: 0x00007ff798aa5943 fileCopy.dll
stack at sp + 1 slots: 0x0 is NULL
stack at sp + 2 slots: 0x0 is NULL
stack at sp + 3 slots: 0x0 is NULL
stack at sp + 4 slots: 0x0 is NULL
stack at sp + 5 slots: 0x00007ff798ab904c fileCopy.dll
stack at sp + 6 slots: 0x0 is NULL
stack at sp + 7 slots: 0x0 is NULL


---------------  P R O C E S S  ---------------

Threads class SMR info:
_java_thread_list=0x000001ede3ca8800, length=12, elements={
0x000001edc5369bb0, 0x000001ede324fa80, 0x000001ede3250740, 0x000001ede3263690,
0x000001ede32650a0, 0x000001ede3265aa0, 0x000001ede32674b0, 0x000001ede326b790,
0x000001ede32782b0, 0x000001ede3283820, 0x000001ede3cc6420, 0x000001ede3cd1410
}

Java Threads: ( => current thread )
=>0x000001edc5369bb0 JavaThread "main" [_thread_in_native, id=17356, stack(0x0000004d98300000,0x0000004d98400000)]
  0x000001ede324fa80 JavaThread "Reference Handler" daemon [_thread_blocked, id=7840, stack(0x0000004d98a00000,0x0000004d98b00000)]
  0x000001ede3250740 JavaThread "Finalizer" daemon [_thread_blocked, id=16080, stack(0x0000004d98b00000,0x0000004d98c00000)]
  0x000001ede3263690 JavaThread "Signal Dispatcher" daemon [_thread_blocked, id=16556, stack(0x0000004d98c00000,0x0000004d98d00000)]
  0x000001ede32650a0 JavaThread "Attach Listener" daemon [_thread_blocked, id=17376, stack(0x0000004d98d00000,0x0000004d98e00000)]
  0x000001ede3265aa0 JavaThread "Service Thread" daemon [_thread_blocked, id=15652, stack(0x0000004d98e00000,0x0000004d98f00000)]
  0x000001ede32674b0 JavaThread "Monitor Deflation Thread" daemon [_thread_blocked, id=17936, stack(0x0000004d98f00000,0x0000004d99000000)]
  0x000001ede326b790 JavaThread "C2 CompilerThread0" daemon [_thread_blocked, id=19276, stack(0x0000004d99000000,0x0000004d99100000)]
  0x000001ede32782b0 JavaThread "C1 CompilerThread0" daemon [_thread_blocked, id=2564, stack(0x0000004d99100000,0x0000004d99200000)]
  0x000001ede3283820 JavaThread "Sweeper thread" daemon [_thread_blocked, id=12188, stack(0x0000004d99200000,0x0000004d99300000)]
  0x000001ede3cc6420 JavaThread "Notification Thread" daemon [_thread_blocked, id=16244, stack(0x0000004d99300000,0x0000004d99400000)]
  0x000001ede3cd1410 JavaThread "Common-Cleaner" daemon [_thread_blocked, id=18688, stack(0x0000004d99500000,0x0000004d99600000)]

Other Threads:
  0x000001ede3249f20 VMThread "VM Thread" [stack: 0x0000004d98900000,0x0000004d98a00000] [id=16316]
  0x000001ede3cd0f80 WatcherThread [stack: 0x0000004d99400000,0x0000004d99500000] [id=8240]
  0x000001edc53aaa50 GCTaskThread "GC Thread#0" [stack: 0x0000004d98400000,0x0000004d98500000] [id=11100]
  0x000001edc53bc860 ConcurrentGCThread "G1 Main Marker" [stack: 0x0000004d98500000,0x0000004d98600000] [id=13984]
  0x000001edc53bd9f0 ConcurrentGCThread "G1 Conc#0" [stack: 0x0000004d98600000,0x0000004d98700000] [id=7568]
  0x000001edc54467f0 ConcurrentGCThread "G1 Refine#0" [stack: 0x0000004d98700000,0x0000004d98800000] [id=8568]
  0x000001edc54471f0 ConcurrentGCThread "G1 Service" [stack: 0x0000004d98800000,0x0000004d98900000] [id=7356]

Threads with active compile tasks:

VM state: not at safepoint (normal execution)

VM Mutex/Monitor currently owned by a thread: None

Heap address: 0x0000000083200000, size: 1998 MB, Compressed Oops mode: 32-bit

CDS archive(s) mapped at: [0x0000000800000000-0x0000000800bb0000-0x0000000800bb0000), size 12255232, SharedBaseAddress: 0x0000000800000000, ArchiveRelocationMode: 0.
Compressed class space mapped at: 0x0000000800c00000-0x0000000840c00000, reserved size: 1073741824
Narrow klass base: 0x0000000800000000, Narrow klass shift: 3, Narrow klass range: 0x100000000

GC Precious Log:
 CPUs: 8 total, 8 available
 Memory: 7988M
 Large Page Support: Disabled
 NUMA Support: Disabled
 Compressed Oops: Enabled (32-bit)
 Heap Region Size: 1M
 Heap Min Capacity: 8M
 Heap Initial Capacity: 126M
 Heap Max Capacity: 1998M
 Pre-touch: Disabled
 Parallel Workers: 8
 Concurrent Workers: 2
 Concurrent Refinement Workers: 8
 Periodic GC: Disabled

Heap:
 garbage-first heap   total 129024K, used 1024K [0x0000000083200000, 0x0000000100000000)
  region size 1024K, 2 young (2048K), 0 survivors (0K)
 Metaspace       used 493K, committed 704K, reserved 1056768K
  class space    used 29K, committed 128K, reserved 1048576K

Heap Regions: E=young(eden), S=young(survivor), O=old, HS=humongous(starts), HC=humongous(continues), CS=collection set, F=free, OA=open archive, CA=closed archive, TAMS=top-at-mark-start (previous, next)
|   0|0x0000000083200000, 0x0000000083200000, 0x0000000083300000|  0%| F|  |TAMS 0x0000000083200000, 0x0000000083200000| Untracked 
|   1|0x0000000083300000, 0x0000000083300000, 0x0000000083400000|  0%| F|  |TAMS 0x0000000083300000, 0x0000000083300000| Untracked 
|   2|0x0000000083400000, 0x0000000083400000, 0x0000000083500000|  0%| F|  |TAMS 0x0000000083400000, 0x0000000083400000| Untracked 
|   3|0x0000000083500000, 0x0000000083500000, 0x0000000083600000|  0%| F|  |TAMS 0x0000000083500000, 0x0000000083500000| Untracked 
|   4|0x0000000083600000, 0x0000000083600000, 0x0000000083700000|  0%| F|  |TAMS 0x0000000083600000, 0x0000000083600000| Untracked 
|   5|0x0000000083700000, 0x0000000083700000, 0x0000000083800000|  0%| F|  |TAMS 0x0000000083700000, 0x0000000083700000| Untracked 
|   6|0x0000000083800000, 0x0000000083800000, 0x0000000083900000|  0%| F|  |TAMS 0x0000000083800000, 0x0000000083800000| Untracked 
|   7|0x0000000083900000, 0x0000000083900000, 0x0000000083a00000|  0%| F|  |TAMS 0x0000000083900000, 0x0000000083900000| Untracked 
|   8|0x0000000083a00000, 0x0000000083a00000, 0x0000000083b00000|  0%| F|  |TAMS 0x0000000083a00000, 0x0000000083a00000| Untracked 
|   9|0x0000000083b00000, 0x0000000083b00000, 0x0000000083c00000|  0%| F|  |TAMS 0x0000000083b00000, 0x0000000083b00000| Untracked 
|  10|0x0000000083c00000, 0x0000000083c00000, 0x0000000083d00000|  0%| F|  |TAMS 0x0000000083c00000, 0x0000000083c00000| Untracked 
|  11|0x0000000083d00000, 0x0000000083d00000, 0x0000000083e00000|  0%| F|  |TAMS 0x0000000083d00000, 0x0000000083d00000| Untracked 
|  12|0x0000000083e00000, 0x0000000083e00000, 0x0000000083f00000|  0%| F|  |TAMS 0x0000000083e00000, 0x0000000083e00000| Untracked 
|  13|0x0000000083f00000, 0x0000000083f00000, 0x0000000084000000|  0%| F|  |TAMS 0x0000000083f00000, 0x0000000083f00000| Untracked 
|  14|0x0000000084000000, 0x0000000084000000, 0x0000000084100000|  0%| F|  |TAMS 0x0000000084000000, 0x0000000084000000| Untracked 
|  15|0x0000000084100000, 0x0000000084100000, 0x0000000084200000|  0%| F|  |TAMS 0x0000000084100000, 0x0000000084100000| Untracked 
|  16|0x0000000084200000, 0x0000000084200000, 0x0000000084300000|  0%| F|  |TAMS 0x0000000084200000, 0x0000000084200000| Untracked 
|  17|0x0000000084300000, 0x0000000084300000, 0x0000000084400000|  0%| F|  |TAMS 0x0000000084300000, 0x0000000084300000| Untracked 
|  18|0x0000000084400000, 0x0000000084400000, 0x0000000084500000|  0%| F|  |TAMS 0x0000000084400000, 0x0000000084400000| Untracked 
|  19|0x0000000084500000, 0x0000000084500000, 0x0000000084600000|  0%| F|  |TAMS 0x0000000084500000, 0x0000000084500000| Untracked 
|  20|0x0000000084600000, 0x0000000084600000, 0x0000000084700000|  0%| F|  |TAMS 0x0000000084600000, 0x0000000084600000| Untracked 
|  21|0x0000000084700000, 0x0000000084700000, 0x0000000084800000|  0%| F|  |TAMS 0x0000000084700000, 0x0000000084700000| Untracked 
|  22|0x0000000084800000, 0x0000000084800000, 0x0000000084900000|  0%| F|  |TAMS 0x0000000084800000, 0x0000000084800000| Untracked 
|  23|0x0000000084900000, 0x0000000084900000, 0x0000000084a00000|  0%| F|  |TAMS 0x0000000084900000, 0x0000000084900000| Untracked 
|  24|0x0000000084a00000, 0x0000000084a00000, 0x0000000084b00000|  0%| F|  |TAMS 0x0000000084a00000, 0x0000000084a00000| Untracked 
|  25|0x0000000084b00000, 0x0000000084b00000, 0x0000000084c00000|  0%| F|  |TAMS 0x0000000084b00000, 0x0000000084b00000| Untracked 
|  26|0x0000000084c00000, 0x0000000084c00000, 0x0000000084d00000|  0%| F|  |TAMS 0x0000000084c00000, 0x0000000084c00000| Untracked 
|  27|0x0000000084d00000, 0x0000000084d00000, 0x0000000084e00000|  0%| F|  |TAMS 0x0000000084d00000, 0x0000000084d00000| Untracked 
|  28|0x0000000084e00000, 0x0000000084e00000, 0x0000000084f00000|  0%| F|  |TAMS 0x0000000084e00000, 0x0000000084e00000| Untracked 
|  29|0x0000000084f00000, 0x0000000084f00000, 0x0000000085000000|  0%| F|  |TAMS 0x0000000084f00000, 0x0000000084f00000| Untracked 
|  30|0x0000000085000000, 0x0000000085000000, 0x0000000085100000|  0%| F|  |TAMS 0x0000000085000000, 0x0000000085000000| Untracked 
|  31|0x0000000085100000, 0x0000000085100000, 0x0000000085200000|  0%| F|  |TAMS 0x0000000085100000, 0x0000000085100000| Untracked 
|  32|0x0000000085200000, 0x0000000085200000, 0x0000000085300000|  0%| F|  |TAMS 0x0000000085200000, 0x0000000085200000| Untracked 
|  33|0x0000000085300000, 0x0000000085300000, 0x0000000085400000|  0%| F|  |TAMS 0x0000000085300000, 0x0000000085300000| Untracked 
|  34|0x0000000085400000, 0x0000000085400000, 0x0000000085500000|  0%| F|  |TAMS 0x0000000085400000, 0x0000000085400000| Untracked 
|  35|0x0000000085500000, 0x0000000085500000, 0x0000000085600000|  0%| F|  |TAMS 0x0000000085500000, 0x0000000085500000| Untracked 
|  36|0x0000000085600000, 0x0000000085600000, 0x0000000085700000|  0%| F|  |TAMS 0x0000000085600000, 0x0000000085600000| Untracked 
|  37|0x0000000085700000, 0x0000000085700000, 0x0000000085800000|  0%| F|  |TAMS 0x0000000085700000, 0x0000000085700000| Untracked 
|  38|0x0000000085800000, 0x0000000085800000, 0x0000000085900000|  0%| F|  |TAMS 0x0000000085800000, 0x0000000085800000| Untracked 
|  39|0x0000000085900000, 0x0000000085900000, 0x0000000085a00000|  0%| F|  |TAMS 0x0000000085900000, 0x0000000085900000| Untracked 
|  40|0x0000000085a00000, 0x0000000085a00000, 0x0000000085b00000|  0%| F|  |TAMS 0x0000000085a00000, 0x0000000085a00000| Untracked 
|  41|0x0000000085b00000, 0x0000000085b00000, 0x0000000085c00000|  0%| F|  |TAMS 0x0000000085b00000, 0x0000000085b00000| Untracked 
|  42|0x0000000085c00000, 0x0000000085c00000, 0x0000000085d00000|  0%| F|  |TAMS 0x0000000085c00000, 0x0000000085c00000| Untracked 
|  43|0x0000000085d00000, 0x0000000085d00000, 0x0000000085e00000|  0%| F|  |TAMS 0x0000000085d00000, 0x0000000085d00000| Untracked 
|  44|0x0000000085e00000, 0x0000000085e00000, 0x0000000085f00000|  0%| F|  |TAMS 0x0000000085e00000, 0x0000000085e00000| Untracked 
|  45|0x0000000085f00000, 0x0000000085f00000, 0x0000000086000000|  0%| F|  |TAMS 0x0000000085f00000, 0x0000000085f00000| Untracked 
|  46|0x0000000086000000, 0x0000000086000000, 0x0000000086100000|  0%| F|  |TAMS 0x0000000086000000, 0x0000000086000000| Untracked 
|  47|0x0000000086100000, 0x0000000086100000, 0x0000000086200000|  0%| F|  |TAMS 0x0000000086100000, 0x0000000086100000| Untracked 
|  48|0x0000000086200000, 0x0000000086200000, 0x0000000086300000|  0%| F|  |TAMS 0x0000000086200000, 0x0000000086200000| Untracked 
|  49|0x0000000086300000, 0x0000000086300000, 0x0000000086400000|  0%| F|  |TAMS 0x0000000086300000, 0x0000000086300000| Untracked 
|  50|0x0000000086400000, 0x0000000086400000, 0x0000000086500000|  0%| F|  |TAMS 0x0000000086400000, 0x0000000086400000| Untracked 
|  51|0x0000000086500000, 0x0000000086500000, 0x0000000086600000|  0%| F|  |TAMS 0x0000000086500000, 0x0000000086500000| Untracked 
|  52|0x0000000086600000, 0x0000000086600000, 0x0000000086700000|  0%| F|  |TAMS 0x0000000086600000, 0x0000000086600000| Untracked 
|  53|0x0000000086700000, 0x0000000086700000, 0x0000000086800000|  0%| F|  |TAMS 0x0000000086700000, 0x0000000086700000| Untracked 
|  54|0x0000000086800000, 0x0000000086800000, 0x0000000086900000|  0%| F|  |TAMS 0x0000000086800000, 0x0000000086800000| Untracked 
|  55|0x0000000086900000, 0x0000000086900000, 0x0000000086a00000|  0%| F|  |TAMS 0x0000000086900000, 0x0000000086900000| Untracked 
|  56|0x0000000086a00000, 0x0000000086a00000, 0x0000000086b00000|  0%| F|  |TAMS 0x0000000086a00000, 0x0000000086a00000| Untracked 
|  57|0x0000000086b00000, 0x0000000086b00000, 0x0000000086c00000|  0%| F|  |TAMS 0x0000000086b00000, 0x0000000086b00000| Untracked 
|  58|0x0000000086c00000, 0x0000000086c00000, 0x0000000086d00000|  0%| F|  |TAMS 0x0000000086c00000, 0x0000000086c00000| Untracked 
|  59|0x0000000086d00000, 0x0000000086d00000, 0x0000000086e00000|  0%| F|  |TAMS 0x0000000086d00000, 0x0000000086d00000| Untracked 
|  60|0x0000000086e00000, 0x0000000086e00000, 0x0000000086f00000|  0%| F|  |TAMS 0x0000000086e00000, 0x0000000086e00000| Untracked 
|  61|0x0000000086f00000, 0x0000000086f00000, 0x0000000087000000|  0%| F|  |TAMS 0x0000000086f00000, 0x0000000086f00000| Untracked 
|  62|0x0000000087000000, 0x0000000087000000, 0x0000000087100000|  0%| F|  |TAMS 0x0000000087000000, 0x0000000087000000| Untracked 
|  63|0x0000000087100000, 0x0000000087100000, 0x0000000087200000|  0%| F|  |TAMS 0x0000000087100000, 0x0000000087100000| Untracked 
|  64|0x0000000087200000, 0x0000000087200000, 0x0000000087300000|  0%| F|  |TAMS 0x0000000087200000, 0x0000000087200000| Untracked 
|  65|0x0000000087300000, 0x0000000087300000, 0x0000000087400000|  0%| F|  |TAMS 0x0000000087300000, 0x0000000087300000| Untracked 
|  66|0x0000000087400000, 0x0000000087400000, 0x0000000087500000|  0%| F|  |TAMS 0x0000000087400000, 0x0000000087400000| Untracked 
|  67|0x0000000087500000, 0x0000000087500000, 0x0000000087600000|  0%| F|  |TAMS 0x0000000087500000, 0x0000000087500000| Untracked 
|  68|0x0000000087600000, 0x0000000087600000, 0x0000000087700000|  0%| F|  |TAMS 0x0000000087600000, 0x0000000087600000| Untracked 
|  69|0x0000000087700000, 0x0000000087700000, 0x0000000087800000|  0%| F|  |TAMS 0x0000000087700000, 0x0000000087700000| Untracked 
|  70|0x0000000087800000, 0x0000000087800000, 0x0000000087900000|  0%| F|  |TAMS 0x0000000087800000, 0x0000000087800000| Untracked 
|  71|0x0000000087900000, 0x0000000087900000, 0x0000000087a00000|  0%| F|  |TAMS 0x0000000087900000, 0x0000000087900000| Untracked 
|  72|0x0000000087a00000, 0x0000000087a00000, 0x0000000087b00000|  0%| F|  |TAMS 0x0000000087a00000, 0x0000000087a00000| Untracked 
|  73|0x0000000087b00000, 0x0000000087b00000, 0x0000000087c00000|  0%| F|  |TAMS 0x0000000087b00000, 0x0000000087b00000| Untracked 
|  74|0x0000000087c00000, 0x0000000087c00000, 0x0000000087d00000|  0%| F|  |TAMS 0x0000000087c00000, 0x0000000087c00000| Untracked 
|  75|0x0000000087d00000, 0x0000000087d00000, 0x0000000087e00000|  0%| F|  |TAMS 0x0000000087d00000, 0x0000000087d00000| Untracked 
|  76|0x0000000087e00000, 0x0000000087e00000, 0x0000000087f00000|  0%| F|  |TAMS 0x0000000087e00000, 0x0000000087e00000| Untracked 
|  77|0x0000000087f00000, 0x0000000087f00000, 0x0000000088000000|  0%| F|  |TAMS 0x0000000087f00000, 0x0000000087f00000| Untracked 
|  78|0x0000000088000000, 0x0000000088000000, 0x0000000088100000|  0%| F|  |TAMS 0x0000000088000000, 0x0000000088000000| Untracked 
|  79|0x0000000088100000, 0x0000000088100000, 0x0000000088200000|  0%| F|  |TAMS 0x0000000088100000, 0x0000000088100000| Untracked 
|  80|0x0000000088200000, 0x0000000088200000, 0x0000000088300000|  0%| F|  |TAMS 0x0000000088200000, 0x0000000088200000| Untracked 
|  81|0x0000000088300000, 0x0000000088300000, 0x0000000088400000|  0%| F|  |TAMS 0x0000000088300000, 0x0000000088300000| Untracked 
|  82|0x0000000088400000, 0x0000000088400000, 0x0000000088500000|  0%| F|  |TAMS 0x0000000088400000, 0x0000000088400000| Untracked 
|  83|0x0000000088500000, 0x0000000088500000, 0x0000000088600000|  0%| F|  |TAMS 0x0000000088500000, 0x0000000088500000| Untracked 
|  84|0x0000000088600000, 0x0000000088600000, 0x0000000088700000|  0%| F|  |TAMS 0x0000000088600000, 0x0000000088600000| Untracked 
|  85|0x0000000088700000, 0x0000000088700000, 0x0000000088800000|  0%| F|  |TAMS 0x0000000088700000, 0x0000000088700000| Untracked 
|  86|0x0000000088800000, 0x0000000088800000, 0x0000000088900000|  0%| F|  |TAMS 0x0000000088800000, 0x0000000088800000| Untracked 
|  87|0x0000000088900000, 0x0000000088900000, 0x0000000088a00000|  0%| F|  |TAMS 0x0000000088900000, 0x0000000088900000| Untracked 
|  88|0x0000000088a00000, 0x0000000088a00000, 0x0000000088b00000|  0%| F|  |TAMS 0x0000000088a00000, 0x0000000088a00000| Untracked 
|  89|0x0000000088b00000, 0x0000000088b00000, 0x0000000088c00000|  0%| F|  |TAMS 0x0000000088b00000, 0x0000000088b00000| Untracked 
|  90|0x0000000088c00000, 0x0000000088c00000, 0x0000000088d00000|  0%| F|  |TAMS 0x0000000088c00000, 0x0000000088c00000| Untracked 
|  91|0x0000000088d00000, 0x0000000088d00000, 0x0000000088e00000|  0%| F|  |TAMS 0x0000000088d00000, 0x0000000088d00000| Untracked 
|  92|0x0000000088e00000, 0x0000000088e00000, 0x0000000088f00000|  0%| F|  |TAMS 0x0000000088e00000, 0x0000000088e00000| Untracked 
|  93|0x0000000088f00000, 0x0000000088f00000, 0x0000000089000000|  0%| F|  |TAMS 0x0000000088f00000, 0x0000000088f00000| Untracked 
|  94|0x0000000089000000, 0x0000000089000000, 0x0000000089100000|  0%| F|  |TAMS 0x0000000089000000, 0x0000000089000000| Untracked 
|  95|0x0000000089100000, 0x0000000089100000, 0x0000000089200000|  0%| F|  |TAMS 0x0000000089100000, 0x0000000089100000| Untracked 
|  96|0x0000000089200000, 0x0000000089200000, 0x0000000089300000|  0%| F|  |TAMS 0x0000000089200000, 0x0000000089200000| Untracked 
|  97|0x0000000089300000, 0x0000000089300000, 0x0000000089400000|  0%| F|  |TAMS 0x0000000089300000, 0x0000000089300000| Untracked 
|  98|0x0000000089400000, 0x0000000089400000, 0x0000000089500000|  0%| F|  |TAMS 0x0000000089400000, 0x0000000089400000| Untracked 
|  99|0x0000000089500000, 0x0000000089500000, 0x0000000089600000|  0%| F|  |TAMS 0x0000000089500000, 0x0000000089500000| Untracked 
| 100|0x0000000089600000, 0x0000000089600000, 0x0000000089700000|  0%| F|  |TAMS 0x0000000089600000, 0x0000000089600000| Untracked 
| 101|0x0000000089700000, 0x0000000089700000, 0x0000000089800000|  0%| F|  |TAMS 0x0000000089700000, 0x0000000089700000| Untracked 
| 102|0x0000000089800000, 0x0000000089800000, 0x0000000089900000|  0%| F|  |TAMS 0x0000000089800000, 0x0000000089800000| Untracked 
| 103|0x0000000089900000, 0x0000000089900000, 0x0000000089a00000|  0%| F|  |TAMS 0x0000000089900000, 0x0000000089900000| Untracked 
| 104|0x0000000089a00000, 0x0000000089a00000, 0x0000000089b00000|  0%| F|  |TAMS 0x0000000089a00000, 0x0000000089a00000| Untracked 
| 105|0x0000000089b00000, 0x0000000089b00000, 0x0000000089c00000|  0%| F|  |TAMS 0x0000000089b00000, 0x0000000089b00000| Untracked 
| 106|0x0000000089c00000, 0x0000000089c00000, 0x0000000089d00000|  0%| F|  |TAMS 0x0000000089c00000, 0x0000000089c00000| Untracked 
| 107|0x0000000089d00000, 0x0000000089d00000, 0x0000000089e00000|  0%| F|  |TAMS 0x0000000089d00000, 0x0000000089d00000| Untracked 
| 108|0x0000000089e00000, 0x0000000089e00000, 0x0000000089f00000|  0%| F|  |TAMS 0x0000000089e00000, 0x0000000089e00000| Untracked 
| 109|0x0000000089f00000, 0x0000000089f00000, 0x000000008a000000|  0%| F|  |TAMS 0x0000000089f00000, 0x0000000089f00000| Untracked 
| 110|0x000000008a000000, 0x000000008a000000, 0x000000008a100000|  0%| F|  |TAMS 0x000000008a000000, 0x000000008a000000| Untracked 
| 111|0x000000008a100000, 0x000000008a100000, 0x000000008a200000|  0%| F|  |TAMS 0x000000008a100000, 0x000000008a100000| Untracked 
| 112|0x000000008a200000, 0x000000008a200000, 0x000000008a300000|  0%| F|  |TAMS 0x000000008a200000, 0x000000008a200000| Untracked 
| 113|0x000000008a300000, 0x000000008a300000, 0x000000008a400000|  0%| F|  |TAMS 0x000000008a300000, 0x000000008a300000| Untracked 
| 114|0x000000008a400000, 0x000000008a400000, 0x000000008a500000|  0%| F|  |TAMS 0x000000008a400000, 0x000000008a400000| Untracked 
| 115|0x000000008a500000, 0x000000008a500000, 0x000000008a600000|  0%| F|  |TAMS 0x000000008a500000, 0x000000008a500000| Untracked 
| 116|0x000000008a600000, 0x000000008a600000, 0x000000008a700000|  0%| F|  |TAMS 0x000000008a600000, 0x000000008a600000| Untracked 
| 117|0x000000008a700000, 0x000000008a700000, 0x000000008a800000|  0%| F|  |TAMS 0x000000008a700000, 0x000000008a700000| Untracked 
| 118|0x000000008a800000, 0x000000008a800000, 0x000000008a900000|  0%| F|  |TAMS 0x000000008a800000, 0x000000008a800000| Untracked 
| 119|0x000000008a900000, 0x000000008a900000, 0x000000008aa00000|  0%| F|  |TAMS 0x000000008a900000, 0x000000008a900000| Untracked 
| 120|0x000000008aa00000, 0x000000008aa00000, 0x000000008ab00000|  0%| F|  |TAMS 0x000000008aa00000, 0x000000008aa00000| Untracked 
| 121|0x000000008ab00000, 0x000000008ab00000, 0x000000008ac00000|  0%| F|  |TAMS 0x000000008ab00000, 0x000000008ab00000| Untracked 
| 122|0x000000008ac00000, 0x000000008ac00000, 0x000000008ad00000|  0%| F|  |TAMS 0x000000008ac00000, 0x000000008ac00000| Untracked 
| 123|0x000000008ad00000, 0x000000008ad00000, 0x000000008ae00000|  0%| F|  |TAMS 0x000000008ad00000, 0x000000008ad00000| Untracked 
| 124|0x000000008ae00000, 0x000000008aeec098, 0x000000008af00000| 92%| E|  |TAMS 0x000000008ae00000, 0x000000008ae00000| Complete 
| 125|0x000000008af00000, 0x000000008b000000, 0x000000008b000000|100%| E|CS|TAMS 0x000000008af00000, 0x000000008af00000| Complete 

Card table byte_map: [0x000001eddc210000,0x000001eddc600000] _byte_map_base: 0x000001eddbdf7000

Marking Bits (Prev, Next): (CMBitMap*) 0x000001edc53ab040, (CMBitMap*) 0x000001edc53ab080
 Prev Bits: [0x000001eddc9f0000, 0x000001edde928000)
 Next Bits: [0x000001edde930000, 0x000001ede0868000)

Polling page: 0x000001edc4b50000

Metaspace:

Usage:
  Non-class:    463.95 KB used.
      Class:     29.33 KB used.
       Both:    493.28 KB used.

Virtual space:
  Non-class space:        8.00 MB reserved,     576.00 KB (  7%) committed,  1 nodes.
      Class space:        1.00 GB reserved,     128.00 KB ( <1%) committed,  1 nodes.
              Both:        1.01 GB reserved,     704.00 KB ( <1%) committed. 

Chunk freelists:
   Non-Class:  3.98 MB
       Class:  3.74 MB
        Both:  7.73 MB

MaxMetaspaceSize: 17179869184.00 GB
CompressedClassSpaceSize: 1.00 GB
 - commit_granule_bytes: 65536.
 - commit_granule_words: 8192.
 - virtual_space_node_default_size: 1048576.
 - enlarge_chunks_in_place: 1.
 - new_chunks_are_fully_committed: 0.
 - uncommit_free_chunks: 1.
 - use_allocation_guard: 0.
 - handle_deallocations: 1.


Internal statistics:

num_allocs_failed_limit: 0.
num_arena_births: 8.
num_arena_deaths: 0.
num_vsnodes_births: 2.
num_vsnodes_deaths: 0.
num_space_committed: 11.
num_space_uncommitted: 0.
num_chunks_returned_to_freelist: 0.
num_chunks_taken_from_freelist: 10.
num_chunk_merges: 0.
num_chunk_splits: 5.
num_chunks_enlarged: 3.
num_purges: 0.

CodeHeap 'non-profiled nmethods': size=120000Kb used=50Kb max_used=50Kb free=119949Kb
 bounds [0x000001edd45c0000, 0x000001edd4830000, 0x000001eddbaf0000]
CodeHeap 'profiled nmethods': size=120000Kb used=177Kb max_used=177Kb free=119822Kb
 bounds [0x000001edcd090000, 0x000001edcd300000, 0x000001edd45c0000]
CodeHeap 'non-nmethods': size=5760Kb used=1106Kb max_used=1116Kb free=4653Kb
 bounds [0x000001edccaf0000, 0x000001edccd60000, 0x000001edcd090000]
 total_blobs=530 nmethods=155 adapters=288
 compilation: enabled
              stopped_count=0, restarted_count=0
 full_count=0

Compilation events (20 events):
Event: 0.244 Thread 0x000001ede32782b0 nmethod 140 0x000001edd45cac10 code [0x000001edd45cada0, 0x000001edd45cae78]
Event: 0.244 Thread 0x000001ede32782b0  141       1       java.lang.invoke.MethodType$ConcurrentWeakInternSet$WeakEntry::hashCode (5 bytes)
Event: 0.244 Thread 0x000001ede32782b0 nmethod 141 0x000001edd45caf10 code [0x000001edd45cb0a0, 0x000001edd45cb178]
Event: 0.244 Thread 0x000001ede32782b0  136       1       java.lang.module.ModuleDescriptor::isOpen (5 bytes)
Event: 0.244 Thread 0x000001ede32782b0 nmethod 136 0x000001edd45cb210 code [0x000001edd45cb3a0, 0x000001edd45cb478]
Event: 0.245 Thread 0x000001ede326b790 nmethod 144 0x000001edd45cb510 code [0x000001edd45cb6a0, 0x000001edd45cb778]
Event: 0.245 Thread 0x000001ede32782b0  145       3       java.lang.AbstractStringBuilder::putStringAt (12 bytes)
Event: 0.246 Thread 0x000001ede32782b0 nmethod 145 0x000001edcd0bae90 code [0x000001edcd0bb040, 0x000001edcd0bb288]
Event: 0.247 Thread 0x000001ede32782b0  146       3       java.lang.invoke.MethodType::parameterCount (6 bytes)
Event: 0.247 Thread 0x000001ede32782b0 nmethod 146 0x000001edcd0bb410 code [0x000001edcd0bb5a0, 0x000001edcd0bb6b8]
Event: 0.247 Thread 0x000001ede32782b0  148       3       java.lang.ref.Reference::<init> (25 bytes)
Event: 0.248 Thread 0x000001ede32782b0 nmethod 148 0x000001edcd0bb790 code [0x000001edcd0bb940, 0x000001edcd0bbbb8]
Event: 0.248 Thread 0x000001ede32782b0  151       3       java.lang.Class::getName (18 bytes)
Event: 0.248 Thread 0x000001ede32782b0 nmethod 151 0x000001edcd0bbc90 code [0x000001edcd0bbe40, 0x000001edcd0bbfc8]
Event: 0.248 Thread 0x000001ede32782b0  150       1       java.lang.invoke.MethodHandle::type (5 bytes)
Event: 0.248 Thread 0x000001ede32782b0 nmethod 150 0x000001edd45cc490 code [0x000001edd45cc620, 0x000001edd45cc6f8]
Event: 0.248 Thread 0x000001ede32782b0  154       3       java.lang.invoke.MemberName::testAllFlags (7 bytes)
Event: 0.248 Thread 0x000001ede32782b0 nmethod 154 0x000001edcd0bc090 code [0x000001edcd0bc240, 0x000001edcd0bc418]
Event: 30.918 Thread 0x000001ede32782b0  155       1       java.nio.Buffer::position (5 bytes)
Event: 30.918 Thread 0x000001ede32782b0 nmethod 155 0x000001edd45cc790 code [0x000001edd45cc920, 0x000001edd45cc9f8]

GC Heap History (0 events):
No events

Deoptimization events (0 events):
No events

Classes unloaded (0 events):
No events

Classes redefined (0 events):
No events

Internal exceptions (0 events):
No events

Events (20 events):
Event: 0.225 loading class sun/util/resources/LocaleData$CommonResourceBundleProvider
Event: 0.225 loading class sun/util/resources/LocaleData$LocaleDataResourceBundleProvider
Event: 0.226 loading class java/util/spi/ResourceBundleProvider
Event: 0.226 loading class java/util/spi/ResourceBundleProvider done
Event: 0.226 loading class sun/util/resources/LocaleData$LocaleDataResourceBundleProvider done
Event: 0.226 loading class sun/util/resources/LocaleData$CommonResourceBundleProvider done
Event: 0.227 loading class java/util/ArrayList$SubList$1
Event: 0.227 loading class java/util/ArrayList$SubList$1 done
Event: 0.230 loading class sun/text/resources/cldr/FormatData_en
Event: 0.230 loading class sun/text/resources/cldr/FormatData_en done
Event: 0.230 loading class sun/util/resources/Bundles$2
Event: 0.231 loading class sun/util/resources/Bundles$2 done
Event: 0.232 loading class java/lang/InstantiationException
Event: 0.232 loading class java/lang/InstantiationException done
Event: 0.232 loading class java/lang/IllegalAccessException
Event: 0.233 loading class java/lang/IllegalAccessException done
Event: 1.060 Executing  VM operation: Cleanup
Event: 1.060 Executing  VM operation: Cleanup done
Event: 24.268 loading class java/util/regex/Matcher$ImmutableMatchResult
Event: 24.268 loading class java/util/regex/Matcher$ImmutableMatchResult done


Dynamic libraries:
0x00007ff608e50000 - 0x00007ff608e60000 	C:\Program Files\Java\jdk-16.0.1\bin\java.exe
0x00007ff970840000 - 0x00007ff970a49000 	C:\WINDOWS\SYSTEM32\ntdll.dll
0x00007ff96f670000 - 0x00007ff96f72d000 	C:\WINDOWS\System32\KERNEL32.DLL
0x00007ff96df60000 - 0x00007ff96e2d4000 	C:\WINDOWS\System32\KERNELBASE.dll
0x00007ff96e430000 - 0x00007ff96e541000 	C:\WINDOWS\System32\ucrtbase.dll
0x00007ff958fc0000 - 0x00007ff958fd9000 	C:\Program Files\Java\jdk-16.0.1\bin\VCRUNTIME140.dll
0x00007ff93e570000 - 0x00007ff93e588000 	C:\Program Files\Java\jdk-16.0.1\bin\jli.dll
0x00007ff96e9a0000 - 0x00007ff96ea4e000 	C:\WINDOWS\System32\ADVAPI32.dll
0x00007ff96f5c0000 - 0x00007ff96f663000 	C:\WINDOWS\System32\msvcrt.dll
0x00007ff970360000 - 0x00007ff9703fe000 	C:\WINDOWS\System32\sechost.dll
0x00007ff970240000 - 0x00007ff970360000 	C:\WINDOWS\System32\RPCRT4.dll
0x00007ff96f270000 - 0x00007ff96f41c000 	C:\WINDOWS\System32\USER32.dll
0x00007ff96e400000 - 0x00007ff96e426000 	C:\WINDOWS\System32\win32u.dll
0x00007ff958760000 - 0x00007ff958a05000 	C:\WINDOWS\WinSxS\amd64_microsoft.windows.common-controls_6595b64144ccf1df_6.0.22000.120_none_9d947278b86cc467\COMCTL32.dll
0x00007ff96f730000 - 0x00007ff96f759000 	C:\WINDOWS\System32\GDI32.dll
0x00007ff96e550000 - 0x00007ff96e662000 	C:\WINDOWS\System32\gdi32full.dll
0x00007ff96e2e0000 - 0x00007ff96e37d000 	C:\WINDOWS\System32\msvcp_win.dll
0x00007ff964010000 - 0x00007ff96401a000 	C:\WINDOWS\SYSTEM32\VERSION.dll
0x00007ff96fff0000 - 0x00007ff970021000 	C:\WINDOWS\System32\IMM32.DLL
0x00007ff964df0000 - 0x00007ff964dfc000 	C:\Program Files\Java\jdk-16.0.1\bin\vcruntime140_1.dll
0x00007ff9243d0000 - 0x00007ff924461000 	C:\Program Files\Java\jdk-16.0.1\bin\msvcp140.dll
0x00007ff8b0d90000 - 0x00007ff8b193b000 	C:\Program Files\Java\jdk-16.0.1\bin\server\jvm.dll
0x00007ff96f520000 - 0x00007ff96f528000 	C:\WINDOWS\System32\PSAPI.DLL
0x00007ff93e7f0000 - 0x00007ff93e7f9000 	C:\WINDOWS\SYSTEM32\WSOCK32.dll
0x00007ff9671f0000 - 0x00007ff967223000 	C:\WINDOWS\SYSTEM32\WINMM.dll
0x00007ff96ea50000 - 0x00007ff96eabf000 	C:\WINDOWS\System32\WS2_32.dll
0x00007ff96cf20000 - 0x00007ff96cf38000 	C:\WINDOWS\SYSTEM32\kernel.appcore.dll
0x00007ff95c000000 - 0x00007ff95c00a000 	C:\Program Files\Java\jdk-16.0.1\bin\jimage.dll
0x00007ff968050000 - 0x00007ff968271000 	C:\WINDOWS\SYSTEM32\DBGHELP.DLL
0x00007ff9558f0000 - 0x00007ff955921000 	C:\WINDOWS\SYSTEM32\dbgcore.DLL
0x00007ff96e380000 - 0x00007ff96e3ff000 	C:\WINDOWS\System32\bcryptPrimitives.dll
0x00007ff92b740000 - 0x00007ff92b765000 	C:\Program Files\Java\jdk-16.0.1\bin\java.dll
0x00007ff96eac0000 - 0x00007ff96f26e000 	C:\WINDOWS\System32\SHELL32.dll
0x00007ff96beb0000 - 0x00007ff96c717000 	C:\WINDOWS\SYSTEM32\windows.storage.dll
0x00007ff970480000 - 0x00007ff9707f8000 	C:\WINDOWS\System32\combase.dll
0x00007ff96bd40000 - 0x00007ff96bea6000 	C:\WINDOWS\SYSTEM32\wintypes.dll
0x00007ff96e8b0000 - 0x00007ff96e99a000 	C:\WINDOWS\System32\SHCORE.dll
0x00007ff96ff90000 - 0x00007ff96ffed000 	C:\WINDOWS\System32\shlwapi.dll
0x00007ff96dc60000 - 0x00007ff96dc81000 	C:\WINDOWS\SYSTEM32\profapi.dll
0x00007ff798a90000 - 0x00007ff798abd000 	C:\Users\soory\OneDrive\Desktop\dllCheck\fileCopy.dll

dbghelp: loaded successfully - version: 4.0.5 - missing functions: none
symbol engine: initialized successfully - sym options: 0x614 - pdb path: .;C:\Program Files\Java\jdk-16.0.1\bin;C:\WINDOWS\SYSTEM32;C:\WINDOWS\WinSxS\amd64_microsoft.windows.common-controls_6595b64144ccf1df_6.0.22000.120_none_9d947278b86cc467;C:\Program Files\Java\jdk-16.0.1\bin\server;C:\Users\soory\OneDrive\Desktop\dllCheck

VM Arguments:
jvm_args: -Djava.library.path=. 
java_command: Check
java_class_path (initial): .
Launcher Type: SUN_STANDARD

[Global flags]
     intx CICompilerCount                          = 4                                         {product} {ergonomic}
     uint ConcGCThreads                            = 2                                         {product} {ergonomic}
     uint G1ConcRefinementThreads                  = 8                                         {product} {ergonomic}
   size_t G1HeapRegionSize                         = 1048576                                   {product} {ergonomic}
    uintx GCDrainStackTargetSize                   = 64                                        {product} {ergonomic}
   size_t InitialHeapSize                          = 132120576                                 {product} {ergonomic}
   size_t MarkStackSize                            = 4194304                                   {product} {ergonomic}
   size_t MaxHeapSize                              = 2095054848                                {product} {ergonomic}
   size_t MaxNewSize                               = 1256194048                                {product} {ergonomic}
   size_t MinHeapDeltaBytes                        = 1048576                                   {product} {ergonomic}
   size_t MinHeapSize                              = 8388608                                   {product} {ergonomic}
    uintx NonNMethodCodeHeapSize                   = 5839372                                {pd product} {ergonomic}
    uintx NonProfiledCodeHeapSize                  = 122909434                              {pd product} {ergonomic}
    uintx ProfiledCodeHeapSize                     = 122909434                              {pd product} {ergonomic}
    uintx ReservedCodeCacheSize                    = 251658240                              {pd product} {ergonomic}
     bool SegmentedCodeCache                       = true                                      {product} {ergonomic}
   size_t SoftMaxHeapSize                          = 2095054848                             {manageable} {ergonomic}
     bool UseCompressedClassPointers               = true                           {product lp64_product} {ergonomic}
     bool UseCompressedOops                        = true                           {product lp64_product} {ergonomic}
     bool UseG1GC                                  = true                                      {product} {ergonomic}
     bool UseLargePagesIndividualAllocation        = false                                  {pd product} {ergonomic}

Logging:
Log output configuration:
 #0: stdout all=warning uptime,level,tags
 #1: stderr all=off uptime,level,tags

Environment Variables:
JAVA_HOME=C:\Program Files\Java\jdk-16.0.1
PATH=C:\Program Files\Common Files\Oracle\Java\javapath;C:\Windows\system32;C:\Windows;C:\Windows\System32\Wbem;C:\Windows\System32\WindowsPowerShell\v1.0\;C:\Windows\System32\OpenSSH\;C:\Program Files (x86)\NVIDIA Corporation\PhysX\Common;C:\Program Files\NVIDIA Corporation\NVIDIA NvDLISR;C:\WINDOWS\system32;C:\WINDOWS;C:\WINDOWS\System32\Wbem;C:\WINDOWS\System32\WindowsPowerShell\v1.0\;C:\WINDOWS\System32\OpenSSH\;C:\Program Files\Git\cmd;C:\Program Files\Java\jdk-16.0.1\bin;C:\Program Files\Microsoft SQL Server\150\Tools\Binn\;C:\Program Files\Microsoft SQL Server\Client SDK\ODBC\170\Tools\Binn\;C:\Program Files\dotnet\;C:\Users\soory\AppData\Local\Microsoft\WindowsApps;C:\Users\soory\AppData\Local\GitHubDesktop\bin;C:\Program Files\Java\jdk-16.0.1\bin;C:\cygwin64\bin;C:\Users\soory\AppData\Local\Programs\Microsoft VS Code\bin;C:\Users\soory\.dotnet\tools;
USERNAME=soory
OS=Windows_NT
PROCESSOR_IDENTIFIER=Intel64 Family 6 Model 142 Stepping 12, GenuineIntel



---------------  S Y S T E M  ---------------

OS:
 Windows 10 , 64 bit Build 22000 (10.0.22000.434)
OS uptime: 0 days 16:30 hours

CPU: total 8 (initial active 8) (4 cores per cpu, 2 threads per core) family 6 model 142 stepping 12 microcode 0xde, cx8, cmov, fxsr, ht, mmx, 3dnowpref, sse, sse2, sse3, ssse3, sse4.1, sse4.2, popcnt, lzcnt, tsc, tscinvbit, avx, avx2, aes, erms, clmul, bmi1, bmi2, adx, fma, vzeroupper, clflush, clflushopt

Memory: 4k page, system-wide physical 7988M (936M free)
TotalPageFile size 13511M (AvailPageFile size 2155M)
current process WorkingSet (physical memory assigned to process): 31M, peak: 31M
current process commit charge ("private bytes"): 207M, peak: 207M

vm_info: Java HotSpot(TM) 64-Bit Server VM (16.0.1+9-24) for windows-amd64 JRE (16.0.1+9-24), built on Mar 26 2021 19:31:42 by "mach5one" with MS VC++ 16.7 (VS2019)

END.
